  [4;36;1mStation Create (0.4ms)[0m   [0;1mINSERT INTO "stations" ("name", "created_at", "updated_at", "external_id", "color", "lng", "lat", "connected_id", "distance") VALUES('Akademgorodok', '2010-05-21 18:23:50', '2010-05-21 18:23:50', 0, 'red', 30.3547847270966, 50.4648530860551, 0, NULL)[0m
  [4;35;1mStation Create (0.2ms)[0m   [0mINSERT INTO "stations" ("name", "created_at", "updated_at", "external_id", "color", "lng", "lat", "connected_id", "distance") VALUES('Zhitomirskaya', '2010-05-21 18:23:50', '2010-05-21 18:23:50', 1, 'red', 30.3637754917145, 50.456185712214, 0, NULL)[0m
  [4;36;1mStation Create (0.2ms)[0m   [0;1mINSERT INTO "stations" ("name", "created_at", "updated_at", "external_id", "color", "lng", "lat", "connected_id", "distance") VALUES('Svyatoshin', '2010-05-21 18:23:50', '2010-05-21 18:23:50', 2, 'red', 30.3919172286987, 50.4576201390719, 0, NULL)[0m
  [4;35;1mStation Create (0.3ms)[0m   [0mINSERT INTO "stations" ("name", "created_at", "updated_at", "external_id", "color", "lng", "lat", "connected_id", "distance") VALUES('Nivki', '2010-05-21 18:23:50', '2010-05-21 18:23:50', 3, 'red', 30.4047381877899, 50.4589247466802, 0, NULL)[0m
  [4;36;1mStation Create (0.3ms)[0m   [0;1mINSERT INTO "stations" ("name", "created_at", "updated_at", "external_id", "color", "lng", "lat", "connected_id", "distance") VALUES('Beresteyskaya', '2010-05-21 18:23:50', '2010-05-21 18:23:50', 4, 'red', 30.4205632209778, 50.4587266672136, 0, NULL)[0m
  [4;35;1mStation Create (0.2ms)[0m   [0mINSERT INTO "stations" ("name", "created_at", "updated_at", "external_id", "color", "lng", "lat", "connected_id", "distance") VALUES('Shulyavskaya', '2010-05-21 18:23:50', '2010-05-21 18:23:50', 5, 'red', 30.4452073574066, 50.4548741981646, 0, NULL)[0m
  [4;36;1mStation Create (0.3ms)[0m   [0;1mINSERT INTO "stations" ("name", "created_at", "updated_at", "external_id", "color", "lng", "lat", "connected_id", "distance") VALUES('Politehnicheskij Institut', '2010-05-21 18:23:50', '2010-05-21 18:23:50', 6, 'red', 30.4664933681488, 50.4507959768639, 0, NULL)[0m
  [4;35;1mStation Create (0.2ms)[0m   [0mINSERT INTO "stations" ("name", "created_at", "updated_at", "external_id", "color", "lng", "lat", "connected_id", "distance") VALUES('Vokzalnaya', '2010-05-21 18:23:50', '2010-05-21 18:23:50', 7, 'red', 30.4884123802185, 50.4415794048743, 0, NULL)[0m
  [4;36;1mStation Create (0.2ms)[0m   [0;1mINSERT INTO "stations" ("name", "created_at", "updated_at", "external_id", "color", "lng", "lat", "connected_id", "distance") VALUES('Universitet', '2010-05-21 18:23:50', '2010-05-21 18:23:50', 8, 'red', 30.5058467388153, 50.4440733172081, 0, NULL)[0m
  [4;35;1mStation Create (0.2ms)[0m   [0mINSERT INTO "stations" ("name", "created_at", "updated_at", "external_id", "color", "lng", "lat", "connected_id", "distance") VALUES('Teatralnaya', '2010-05-21 18:23:50', '2010-05-21 18:23:50', 9, 'red', 30.5186462402344, 50.4453714661397, 0, NULL)[0m
  [4;36;1mStation Create (0.2ms)[0m   [0;1mINSERT INTO "stations" ("name", "created_at", "updated_at", "external_id", "color", "lng", "lat", "connected_id", "distance") VALUES('Khreshyatik', '2010-05-21 18:23:50', '2010-05-21 18:23:50', 10, 'red', 30.5256199836731, 50.4474279344503, 0, NULL)[0m
  [4;35;1mStation Create (0.2ms)[0m   [0mINSERT INTO "stations" ("name", "created_at", "updated_at", "external_id", "color", "lng", "lat", "connected_id", "distance") VALUES('Arsenalnaya', '2010-05-21 18:23:50', '2010-05-21 18:23:50', 11, 'red', 30.5453610420227, 50.4443192850031, 0, NULL)[0m
  [4;36;1mStation Create (0.2ms)[0m   [0;1mINSERT INTO "stations" ("name", "created_at", "updated_at", "external_id", "color", "lng", "lat", "connected_id", "distance") VALUES('Dnepr', '2010-05-21 18:23:50', '2010-05-21 18:23:50', 12, 'red', 30.5585360527039, 50.4409849461008, 0, NULL)[0m
  [4;35;1mStation Create (0.2ms)[0m   [0mINSERT INTO "stations" ("name", "created_at", "updated_at", "external_id", "color", "lng", "lat", "connected_id", "distance") VALUES('Gidropark', '2010-05-21 18:23:50', '2010-05-21 18:23:50', 13, 'red', 30.5769681930542, 50.4461161776105, 0, NULL)[0m
  [4;36;1mStation Create (0.2ms)[0m   [0;1mINSERT INTO "stations" ("name", "created_at", "updated_at", "external_id", "color", "lng", "lat", "connected_id", "distance") VALUES('Levoberezhnaya', '2010-05-21 18:23:50', '2010-05-21 18:23:50', 14, 'red', 30.598179101944, 50.4517318811742, 0, NULL)[0m
  [4;35;1mStation Create (0.2ms)[0m   [0mINSERT INTO "stations" ("name", "created_at", "updated_at", "external_id", "color", "lng", "lat", "connected_id", "distance") VALUES('Darnitsa', '2010-05-21 18:23:50', '2010-05-21 18:23:50', 15, 'red', 30.6138646602631, 50.4564384477219, 0, NULL)[0m
  [4;36;1mStation Create (0.2ms)[0m   [0;1mINSERT INTO "stations" ("name", "created_at", "updated_at", "external_id", "color", "lng", "lat", "connected_id", "distance") VALUES('Chernigovskaya', '2010-05-21 18:23:50', '2010-05-21 18:23:50', 16, 'red', 30.6303870677948, 50.4597170562515, 0, NULL)[0m
  [4;35;1mStation Create (0.2ms)[0m   [0mINSERT INTO "stations" ("name", "created_at", "updated_at", "external_id", "color", "lng", "lat", "connected_id", "distance") VALUES('Lesnaya', '2010-05-21 18:23:50', '2010-05-21 18:23:50', 17, 'red', 30.6444418430328, 50.4643408740798, 0, NULL)[0m
  [4;36;1mStation Create (0.2ms)[0m   [0;1mINSERT INTO "stations" ("name", "created_at", "updated_at", "external_id", "color", "lng", "lat", "connected_id", "distance") VALUES('Syrets', '2010-05-21 18:23:50', '2010-05-21 18:23:50', 19, 'green', 30.4308843612671, 50.4763251803579, 0, NULL)[0m
  [4;35;1mStation Create (0.2ms)[0m   [0mINSERT INTO "stations" ("name", "created_at", "updated_at", "external_id", "color", "lng", "lat", "connected_id", "distance") VALUES('Dorogozhichi', '2010-05-21 18:23:50', '2010-05-21 18:23:50', 20, 'green', 30.4482221603394, 50.4734027920031, 0, NULL)[0m
  [4;36;1mStation Create (0.2ms)[0m   [0;1mINSERT INTO "stations" ("name", "created_at", "updated_at", "external_id", "color", "lng", "lat", "connected_id", "distance") VALUES('Lukyanovskaya', '2010-05-21 18:23:50', '2010-05-21 18:23:50', 21, 'green', 30.4819107055664, 50.4617114319366, 0, NULL)[0m
  [4;35;1mStation Create (0.2ms)[0m   [0mINSERT INTO "stations" ("name", "created_at", "updated_at", "external_id", "color", "lng", "lat", "connected_id", "distance") VALUES('Zolotie Vorota', '2010-05-21 18:23:50', '2010-05-21 18:23:50', 22, 'green', 30.5135822296143, 50.4482955869623, 0, NULL)[0m
  [4;36;1mStation Create (0.2ms)[0m   [0;1mINSERT INTO "stations" ("name", "created_at", "updated_at", "external_id", "color", "lng", "lat", "connected_id", "distance") VALUES('Palatz Sporta', '2010-05-21 18:23:50', '2010-05-21 18:23:50', 23, 'green', 30.5207490921021, 50.4381833732158, 0, NULL)[0m
  [4;35;1mStation Create (0.2ms)[0m   [0mINSERT INTO "stations" ("name", "created_at", "updated_at", "external_id", "color", "lng", "lat", "connected_id", "distance") VALUES('Klovskaya', '2010-05-21 18:23:50', '2010-05-21 18:23:50', 24, 'green', 30.5317354202271, 50.4368986941006, 0, NULL)[0m
  [4;36;1mStation Create (0.2ms)[0m   [0;1mINSERT INTO "stations" ("name", "created_at", "updated_at", "external_id", "color", "lng", "lat", "connected_id", "distance") VALUES('Pecherskaya', '2010-05-21 18:23:50', '2010-05-21 18:23:50', 25, 'green', 30.5389881134033, 50.4275222142197, 0, NULL)[0m
  [4;35;1mStation Create (0.2ms)[0m   [0mINSERT INTO "stations" ("name", "created_at", "updated_at", "external_id", "color", "lng", "lat", "connected_id", "distance") VALUES('Druzhby Narodov', '2010-05-21 18:23:50', '2010-05-21 18:23:50', 26, 'green', 30.5449533462524, 50.4181438773061, 0, NULL)[0m
  [4;36;1mStation Create (0.2ms)[0m   [0;1mINSERT INTO "stations" ("name", "created_at", "updated_at", "external_id", "color", "lng", "lat", "connected_id", "distance") VALUES('Vydubichi ', '2010-05-21 18:23:50', '2010-05-21 18:23:50', 27, 'green', 30.5616903305054, 50.4011323596995, 0, NULL)[0m
  [4;35;1mStation Create (0.2ms)[0m   [0mINSERT INTO "stations" ("name", "created_at", "updated_at", "external_id", "color", "lng", "lat", "connected_id", "distance") VALUES('Slavutich', '2010-05-21 18:23:50', '2010-05-21 18:23:50', 28, 'green', 30.6043910980225, 50.3941837778526, 0, NULL)[0m
  [4;36;1mStation Create (0.2ms)[0m   [0;1mINSERT INTO "stations" ("name", "created_at", "updated_at", "external_id", "color", "lng", "lat", "connected_id", "distance") VALUES('Osokorki', '2010-05-21 18:23:50', '2010-05-21 18:23:50', 29, 'green', 30.6163215637207, 50.39612620054, 0, NULL)[0m
  [4;35;1mStation Create (0.2ms)[0m   [0mINSERT INTO "stations" ("name", "created_at", "updated_at", "external_id", "color", "lng", "lat", "connected_id", "distance") VALUES('Poznyaki', '2010-05-21 18:23:50', '2010-05-21 18:23:50', 30, 'green', 30.6337881088257, 50.397877048562, 0, NULL)[0m
  [4;36;1mStation Create (0.2ms)[0m   [0;1mINSERT INTO "stations" ("name", "created_at", "updated_at", "external_id", "color", "lng", "lat", "connected_id", "distance") VALUES('Harkovskaya', '2010-05-21 18:23:50', '2010-05-21 18:23:50', 31, 'green', 30.651683807373, 50.4005579092735, 0, NULL)[0m
  [4;35;1mStation Create (0.2ms)[0m   [0mINSERT INTO "stations" ("name", "created_at", "updated_at", "external_id", "color", "lng", "lat", "connected_id", "distance") VALUES('Virlitsa', '2010-05-21 18:23:50', '2010-05-21 18:23:50', 32, 'green', 30.6704807281494, 50.4031565580897, 0, NULL)[0m
  [4;36;1mStation Create (0.2ms)[0m   [0;1mINSERT INTO "stations" ("name", "created_at", "updated_at", "external_id", "color", "lng", "lat", "connected_id", "distance") VALUES('Borisposkaya', '2010-05-21 18:23:50', '2010-05-21 18:23:50', 33, 'green', 30.683012008667, 50.4033206784946, 0, NULL)[0m
  [4;35;1mStation Create (0.2ms)[0m   [0mINSERT INTO "stations" ("name", "created_at", "updated_at", "external_id", "color", "lng", "lat", "connected_id", "distance") VALUES('Lybedskaya', '2010-05-21 18:23:50', '2010-05-21 18:23:50', 34, 'blue', 30.5246114730835, 50.4128660374296, 0, NULL)[0m
  [4;36;1mStation Create (0.2ms)[0m   [0;1mINSERT INTO "stations" ("name", "created_at", "updated_at", "external_id", "color", "lng", "lat", "connected_id", "distance") VALUES('Pa:latz Ukraina', '2010-05-21 18:23:50', '2010-05-21 18:23:50', 35, 'blue', 30.520920753479, 50.4204954714981, 0, NULL)[0m
  [4;35;1mStation Create (0.2ms)[0m   [0mINSERT INTO "stations" ("name", "created_at", "updated_at", "external_id", "color", "lng", "lat", "connected_id", "distance") VALUES('Respublikanskij Standion', '2010-05-21 18:23:50', '2010-05-21 18:23:50', 36, 'blue', 30.5165863037109, 50.4321423445425, 0, NULL)[0m
  [4;36;1mStation Create (0.2ms)[0m   [0;1mINSERT INTO "stations" ("name", "created_at", "updated_at", "external_id", "color", "lng", "lat", "connected_id", "distance") VALUES('Ploshyad Lva Tolstogo', '2010-05-21 18:23:50', '2010-05-21 18:23:50', 37, 'blue', 30.5168008804321, 50.439577347281, 0, NULL)[0m
  [4;35;1mStation Create (0.2ms)[0m   [0mINSERT INTO "stations" ("name", "created_at", "updated_at", "external_id", "color", "lng", "lat", "connected_id", "distance") VALUES('Majdan Nezalejnosti', '2010-05-21 18:23:50', '2010-05-21 18:23:50', 38, 'blue', 30.5224657058716, 50.4511102241713, 0, NULL)[0m
  [4;36;1mStation Create (0.3ms)[0m   [0;1mINSERT INTO "stations" ("name", "created_at", "updated_at", "external_id", "color", "lng", "lat", "connected_id", "distance") VALUES('Pochtovaya Ploshyad', '2010-05-21 18:23:50', '2010-05-21 18:23:50', 39, 'blue', 30.5249547958374, 50.4589247466802, 0, NULL)[0m
  [4;35;1mStation Create (0.2ms)[0m   [0mINSERT INTO "stations" ("name", "created_at", "updated_at", "external_id", "color", "lng", "lat", "connected_id", "distance") VALUES('Kontraktovaya Ploshyad', '2010-05-21 18:23:50', '2010-05-21 18:23:50', 40, 'blue', 30.5152130126953, 50.4658638347442, 0, NULL)[0m
  [4;36;1mStation Create (0.2ms)[0m   [0;1mINSERT INTO "stations" ("name", "created_at", "updated_at", "external_id", "color", "lng", "lat", "connected_id", "distance") VALUES('Tarasa Shevchenko', '2010-05-21 18:23:50', '2010-05-21 18:23:50', 41, 'blue', 30.5050849914551, 50.4732935403373, 0, NULL)[0m
  [4;35;1mStation Create (0.2ms)[0m   [0mINSERT INTO "stations" ("name", "created_at", "updated_at", "external_id", "color", "lng", "lat", "connected_id", "distance") VALUES('Petrovka', '2010-05-21 18:23:50', '2010-05-21 18:23:50', 42, 'blue', 30.4979181289673, 50.4860469664281, 0, NULL)[0m
  [4;36;1mStation Create (0.3ms)[0m   [0;1mINSERT INTO "stations" ("name", "created_at", "updated_at", "external_id", "color", "lng", "lat", "connected_id", "distance") VALUES('Obolon', '2010-05-21 18:23:50', '2010-05-21 18:23:50', 43, 'blue', 30.4995489120483, 50.5019634377854, 0, NULL)[0m
  [4;35;1mStation Create (0.2ms)[0m   [0mINSERT INTO "stations" ("name", "created_at", "updated_at", "external_id", "color", "lng", "lat", "connected_id", "distance") VALUES('Minskaya', '2010-05-21 18:23:50', '2010-05-21 18:23:50', 44, 'blue', 30.4985189437866, 50.5122257618458, 0, NULL)[0m
  [4;36;1mStation Create (0.2ms)[0m   [0;1mINSERT INTO "stations" ("name", "created_at", "updated_at", "external_id", "color", "lng", "lat", "connected_id", "distance") VALUES('Geroev Dnepra', '2010-05-21 18:23:50', '2010-05-21 18:23:50', 45, 'blue', 30.4989910125732, 50.5224858556293, 0, NULL)[0m
  [4;35;1mStation Load (0.4ms)[0m   [0mSELECT * FROM "stations" WHERE ("stations"."external_id" = 22) LIMIT 1[0m
  [4;36;1mStation Load (0.3ms)[0m   [0;1mSELECT * FROM "stations" WHERE ("stations"."external_id" = 38) LIMIT 1[0m
  [4;35;1mStation Load (0.3ms)[0m   [0mSELECT * FROM "stations" WHERE ("stations"."external_id" = 9) LIMIT 1[0m
  [4;36;1mStation Load (0.3ms)[0m   [0;1mSELECT * FROM "stations" WHERE ("stations"."external_id" = 37) LIMIT 1[0m
  [4;35;1mStation Load (0.2ms)[0m   [0mSELECT * FROM "stations" WHERE ("stations"."external_id" = 23) LIMIT 1[0m
  [4;36;1mStation Load (0.2ms)[0m   [0;1mSELECT * FROM "stations" WHERE ("stations"."external_id" = 10) LIMIT 1[0m
  [4;36;1mSQL (0.4ms)[0m   [0;1m SELECT name
 FROM sqlite_master
 WHERE type = 'table' AND NOT name = 'sqlite_sequence'
[0m
  [4;35;1mSQL (0.2ms)[0m   [0mSELECT version FROM schema_migrations[0m
Migrating to CreateStations (20100521152825)
Migrating to AddDistanceToStation (20100521171603)
Migrating to CreateTrains (20100521181944)
  [4;36;1mSQL (0.1ms)[0m   [0;1mselect sqlite_version(*)[0m
  [4;35;1mSQL (0.5ms)[0m   [0mCREATE TABLE "trains" ("id" INTEGER PRIMARY KEY AUTOINCREMENT NOT NULL, "serial" varchar(255) DEFAULT '' NOT NULL, "status" varchar(255) DEFAULT '' NOT NULL, "start_time" time, "color" varchar(255) DEFAULT '' NOT NULL, "created_at" datetime, "updated_at" datetime) [0m
  [4;36;1mSQL (0.1ms)[0m   [0;1mINSERT INTO schema_migrations (version) VALUES ('20100521181944')[0m
  [4;35;1mSQL (0.3ms)[0m   [0m SELECT name
 FROM sqlite_master
 WHERE type = 'table' AND NOT name = 'sqlite_sequence'
[0m
  [4;36;1mSQL (0.1ms)[0m   [0;1mSELECT version FROM schema_migrations[0m
  [4;35;1mSQL (0.2ms)[0m   [0m SELECT name
 FROM sqlite_master
 WHERE type = 'table' AND NOT name = 'sqlite_sequence'
[0m
  [4;36;1mSQL (0.1ms)[0m   [0;1mPRAGMA index_list("stations")[0m
  [4;35;1mSQL (0.0ms)[0m   [0mPRAGMA index_list("trains")[0m
  [4;36;1mStation Create (0.4ms)[0m   [0;1mINSERT INTO "stations" ("name", "created_at", "updated_at", "external_id", "color", "lng", "lat", "connected_id", "distance") VALUES('Akademgorodok', '2010-05-21 18:23:59', '2010-05-21 18:23:59', 0, 'red', 30.3547847270966, 50.4648530860551, 0, NULL)[0m
  [4;35;1mStation Create (0.2ms)[0m   [0mINSERT INTO "stations" ("name", "created_at", "updated_at", "external_id", "color", "lng", "lat", "connected_id", "distance") VALUES('Zhitomirskaya', '2010-05-21 18:23:59', '2010-05-21 18:23:59', 1, 'red', 30.3637754917145, 50.456185712214, 0, NULL)[0m
  [4;36;1mStation Create (0.2ms)[0m   [0;1mINSERT INTO "stations" ("name", "created_at", "updated_at", "external_id", "color", "lng", "lat", "connected_id", "distance") VALUES('Svyatoshin', '2010-05-21 18:23:59', '2010-05-21 18:23:59', 2, 'red', 30.3919172286987, 50.4576201390719, 0, NULL)[0m
  [4;35;1mStation Create (0.3ms)[0m   [0mINSERT INTO "stations" ("name", "created_at", "updated_at", "external_id", "color", "lng", "lat", "connected_id", "distance") VALUES('Nivki', '2010-05-21 18:23:59', '2010-05-21 18:23:59', 3, 'red', 30.4047381877899, 50.4589247466802, 0, NULL)[0m
  [4;36;1mStation Create (0.2ms)[0m   [0;1mINSERT INTO "stations" ("name", "created_at", "updated_at", "external_id", "color", "lng", "lat", "connected_id", "distance") VALUES('Beresteyskaya', '2010-05-21 18:23:59', '2010-05-21 18:23:59', 4, 'red', 30.4205632209778, 50.4587266672136, 0, NULL)[0m
  [4;35;1mStation Create (0.2ms)[0m   [0mINSERT INTO "stations" ("name", "created_at", "updated_at", "external_id", "color", "lng", "lat", "connected_id", "distance") VALUES('Shulyavskaya', '2010-05-21 18:23:59', '2010-05-21 18:23:59', 5, 'red', 30.4452073574066, 50.4548741981646, 0, NULL)[0m
  [4;36;1mStation Create (0.2ms)[0m   [0;1mINSERT INTO "stations" ("name", "created_at", "updated_at", "external_id", "color", "lng", "lat", "connected_id", "distance") VALUES('Politehnicheskij Institut', '2010-05-21 18:23:59', '2010-05-21 18:23:59', 6, 'red', 30.4664933681488, 50.4507959768639, 0, NULL)[0m
  [4;35;1mStation Create (0.3ms)[0m   [0mINSERT INTO "stations" ("name", "created_at", "updated_at", "external_id", "color", "lng", "lat", "connected_id", "distance") VALUES('Vokzalnaya', '2010-05-21 18:23:59', '2010-05-21 18:23:59', 7, 'red', 30.4884123802185, 50.4415794048743, 0, NULL)[0m
  [4;36;1mStation Create (0.2ms)[0m   [0;1mINSERT INTO "stations" ("name", "created_at", "updated_at", "external_id", "color", "lng", "lat", "connected_id", "distance") VALUES('Universitet', '2010-05-21 18:23:59', '2010-05-21 18:23:59', 8, 'red', 30.5058467388153, 50.4440733172081, 0, NULL)[0m
  [4;35;1mStation Create (0.2ms)[0m   [0mINSERT INTO "stations" ("name", "created_at", "updated_at", "external_id", "color", "lng", "lat", "connected_id", "distance") VALUES('Teatralnaya', '2010-05-21 18:23:59', '2010-05-21 18:23:59', 9, 'red', 30.5186462402344, 50.4453714661397, 0, NULL)[0m
  [4;36;1mStation Create (0.2ms)[0m   [0;1mINSERT INTO "stations" ("name", "created_at", "updated_at", "external_id", "color", "lng", "lat", "connected_id", "distance") VALUES('Khreshyatik', '2010-05-21 18:23:59', '2010-05-21 18:23:59', 10, 'red', 30.5256199836731, 50.4474279344503, 0, NULL)[0m
  [4;35;1mStation Create (0.2ms)[0m   [0mINSERT INTO "stations" ("name", "created_at", "updated_at", "external_id", "color", "lng", "lat", "connected_id", "distance") VALUES('Arsenalnaya', '2010-05-21 18:23:59', '2010-05-21 18:23:59', 11, 'red', 30.5453610420227, 50.4443192850031, 0, NULL)[0m
  [4;36;1mStation Create (0.2ms)[0m   [0;1mINSERT INTO "stations" ("name", "created_at", "updated_at", "external_id", "color", "lng", "lat", "connected_id", "distance") VALUES('Dnepr', '2010-05-21 18:23:59', '2010-05-21 18:23:59', 12, 'red', 30.5585360527039, 50.4409849461008, 0, NULL)[0m
  [4;35;1mStation Create (0.2ms)[0m   [0mINSERT INTO "stations" ("name", "created_at", "updated_at", "external_id", "color", "lng", "lat", "connected_id", "distance") VALUES('Gidropark', '2010-05-21 18:23:59', '2010-05-21 18:23:59', 13, 'red', 30.5769681930542, 50.4461161776105, 0, NULL)[0m
  [4;36;1mStation Create (0.2ms)[0m   [0;1mINSERT INTO "stations" ("name", "created_at", "updated_at", "external_id", "color", "lng", "lat", "connected_id", "distance") VALUES('Levoberezhnaya', '2010-05-21 18:23:59', '2010-05-21 18:23:59', 14, 'red', 30.598179101944, 50.4517318811742, 0, NULL)[0m
  [4;35;1mStation Create (0.2ms)[0m   [0mINSERT INTO "stations" ("name", "created_at", "updated_at", "external_id", "color", "lng", "lat", "connected_id", "distance") VALUES('Darnitsa', '2010-05-21 18:23:59', '2010-05-21 18:23:59', 15, 'red', 30.6138646602631, 50.4564384477219, 0, NULL)[0m
  [4;36;1mStation Create (0.2ms)[0m   [0;1mINSERT INTO "stations" ("name", "created_at", "updated_at", "external_id", "color", "lng", "lat", "connected_id", "distance") VALUES('Chernigovskaya', '2010-05-21 18:23:59', '2010-05-21 18:23:59', 16, 'red', 30.6303870677948, 50.4597170562515, 0, NULL)[0m
  [4;35;1mStation Create (0.2ms)[0m   [0mINSERT INTO "stations" ("name", "created_at", "updated_at", "external_id", "color", "lng", "lat", "connected_id", "distance") VALUES('Lesnaya', '2010-05-21 18:23:59', '2010-05-21 18:23:59', 17, 'red', 30.6444418430328, 50.4643408740798, 0, NULL)[0m
  [4;36;1mStation Create (0.2ms)[0m   [0;1mINSERT INTO "stations" ("name", "created_at", "updated_at", "external_id", "color", "lng", "lat", "connected_id", "distance") VALUES('Syrets', '2010-05-21 18:23:59', '2010-05-21 18:23:59', 19, 'green', 30.4308843612671, 50.4763251803579, 0, NULL)[0m
  [4;35;1mStation Create (0.2ms)[0m   [0mINSERT INTO "stations" ("name", "created_at", "updated_at", "external_id", "color", "lng", "lat", "connected_id", "distance") VALUES('Dorogozhichi', '2010-05-21 18:23:59', '2010-05-21 18:23:59', 20, 'green', 30.4482221603394, 50.4734027920031, 0, NULL)[0m
  [4;36;1mStation Create (0.2ms)[0m   [0;1mINSERT INTO "stations" ("name", "created_at", "updated_at", "external_id", "color", "lng", "lat", "connected_id", "distance") VALUES('Lukyanovskaya', '2010-05-21 18:23:59', '2010-05-21 18:23:59', 21, 'green', 30.4819107055664, 50.4617114319366, 0, NULL)[0m
  [4;35;1mStation Create (0.2ms)[0m   [0mINSERT INTO "stations" ("name", "created_at", "updated_at", "external_id", "color", "lng", "lat", "connected_id", "distance") VALUES('Zolotie Vorota', '2010-05-21 18:23:59', '2010-05-21 18:23:59', 22, 'green', 30.5135822296143, 50.4482955869623, 0, NULL)[0m
  [4;36;1mStation Create (0.2ms)[0m   [0;1mINSERT INTO "stations" ("name", "created_at", "updated_at", "external_id", "color", "lng", "lat", "connected_id", "distance") VALUES('Palatz Sporta', '2010-05-21 18:23:59', '2010-05-21 18:23:59', 23, 'green', 30.5207490921021, 50.4381833732158, 0, NULL)[0m
  [4;35;1mStation Create (0.2ms)[0m   [0mINSERT INTO "stations" ("name", "created_at", "updated_at", "external_id", "color", "lng", "lat", "connected_id", "distance") VALUES('Klovskaya', '2010-05-21 18:23:59', '2010-05-21 18:23:59', 24, 'green', 30.5317354202271, 50.4368986941006, 0, NULL)[0m
  [4;36;1mStation Create (0.2ms)[0m   [0;1mINSERT INTO "stations" ("name", "created_at", "updated_at", "external_id", "color", "lng", "lat", "connected_id", "distance") VALUES('Pecherskaya', '2010-05-21 18:23:59', '2010-05-21 18:23:59', 25, 'green', 30.5389881134033, 50.4275222142197, 0, NULL)[0m
  [4;35;1mStation Create (0.2ms)[0m   [0mINSERT INTO "stations" ("name", "created_at", "updated_at", "external_id", "color", "lng", "lat", "connected_id", "distance") VALUES('Druzhby Narodov', '2010-05-21 18:23:59', '2010-05-21 18:23:59', 26, 'green', 30.5449533462524, 50.4181438773061, 0, NULL)[0m
  [4;36;1mStation Create (0.2ms)[0m   [0;1mINSERT INTO "stations" ("name", "created_at", "updated_at", "external_id", "color", "lng", "lat", "connected_id", "distance") VALUES('Vydubichi ', '2010-05-21 18:23:59', '2010-05-21 18:23:59', 27, 'green', 30.5616903305054, 50.4011323596995, 0, NULL)[0m
  [4;35;1mStation Create (0.3ms)[0m   [0mINSERT INTO "stations" ("name", "created_at", "updated_at", "external_id", "color", "lng", "lat", "connected_id", "distance") VALUES('Slavutich', '2010-05-21 18:23:59', '2010-05-21 18:23:59', 28, 'green', 30.6043910980225, 50.3941837778526, 0, NULL)[0m
  [4;36;1mStation Create (0.2ms)[0m   [0;1mINSERT INTO "stations" ("name", "created_at", "updated_at", "external_id", "color", "lng", "lat", "connected_id", "distance") VALUES('Osokorki', '2010-05-21 18:24:00', '2010-05-21 18:24:00', 29, 'green', 30.6163215637207, 50.39612620054, 0, NULL)[0m
  [4;35;1mStation Create (0.3ms)[0m   [0mINSERT INTO "stations" ("name", "created_at", "updated_at", "external_id", "color", "lng", "lat", "connected_id", "distance") VALUES('Poznyaki', '2010-05-21 18:24:00', '2010-05-21 18:24:00', 30, 'green', 30.6337881088257, 50.397877048562, 0, NULL)[0m
  [4;36;1mStation Create (0.3ms)[0m   [0;1mINSERT INTO "stations" ("name", "created_at", "updated_at", "external_id", "color", "lng", "lat", "connected_id", "distance") VALUES('Harkovskaya', '2010-05-21 18:24:00', '2010-05-21 18:24:00', 31, 'green', 30.651683807373, 50.4005579092735, 0, NULL)[0m
  [4;35;1mStation Create (0.3ms)[0m   [0mINSERT INTO "stations" ("name", "created_at", "updated_at", "external_id", "color", "lng", "lat", "connected_id", "distance") VALUES('Virlitsa', '2010-05-21 18:24:00', '2010-05-21 18:24:00', 32, 'green', 30.6704807281494, 50.4031565580897, 0, NULL)[0m
  [4;36;1mStation Create (0.3ms)[0m   [0;1mINSERT INTO "stations" ("name", "created_at", "updated_at", "external_id", "color", "lng", "lat", "connected_id", "distance") VALUES('Borisposkaya', '2010-05-21 18:24:00', '2010-05-21 18:24:00', 33, 'green', 30.683012008667, 50.4033206784946, 0, NULL)[0m
  [4;35;1mStation Create (0.2ms)[0m   [0mINSERT INTO "stations" ("name", "created_at", "updated_at", "external_id", "color", "lng", "lat", "connected_id", "distance") VALUES('Lybedskaya', '2010-05-21 18:24:00', '2010-05-21 18:24:00', 34, 'blue', 30.5246114730835, 50.4128660374296, 0, NULL)[0m
  [4;36;1mStation Create (0.2ms)[0m   [0;1mINSERT INTO "stations" ("name", "created_at", "updated_at", "external_id", "color", "lng", "lat", "connected_id", "distance") VALUES('Pa:latz Ukraina', '2010-05-21 18:24:00', '2010-05-21 18:24:00', 35, 'blue', 30.520920753479, 50.4204954714981, 0, NULL)[0m
  [4;35;1mStation Create (0.2ms)[0m   [0mINSERT INTO "stations" ("name", "created_at", "updated_at", "external_id", "color", "lng", "lat", "connected_id", "distance") VALUES('Respublikanskij Standion', '2010-05-21 18:24:00', '2010-05-21 18:24:00', 36, 'blue', 30.5165863037109, 50.4321423445425, 0, NULL)[0m
  [4;36;1mStation Create (0.2ms)[0m   [0;1mINSERT INTO "stations" ("name", "created_at", "updated_at", "external_id", "color", "lng", "lat", "connected_id", "distance") VALUES('Ploshyad Lva Tolstogo', '2010-05-21 18:24:00', '2010-05-21 18:24:00', 37, 'blue', 30.5168008804321, 50.439577347281, 0, NULL)[0m
  [4;35;1mStation Create (0.3ms)[0m   [0mINSERT INTO "stations" ("name", "created_at", "updated_at", "external_id", "color", "lng", "lat", "connected_id", "distance") VALUES('Majdan Nezalejnosti', '2010-05-21 18:24:00', '2010-05-21 18:24:00', 38, 'blue', 30.5224657058716, 50.4511102241713, 0, NULL)[0m
  [4;36;1mStation Create (0.3ms)[0m   [0;1mINSERT INTO "stations" ("name", "created_at", "updated_at", "external_id", "color", "lng", "lat", "connected_id", "distance") VALUES('Pochtovaya Ploshyad', '2010-05-21 18:24:00', '2010-05-21 18:24:00', 39, 'blue', 30.5249547958374, 50.4589247466802, 0, NULL)[0m
  [4;35;1mStation Create (0.2ms)[0m   [0mINSERT INTO "stations" ("name", "created_at", "updated_at", "external_id", "color", "lng", "lat", "connected_id", "distance") VALUES('Kontraktovaya Ploshyad', '2010-05-21 18:24:00', '2010-05-21 18:24:00', 40, 'blue', 30.5152130126953, 50.4658638347442, 0, NULL)[0m
  [4;36;1mStation Create (0.3ms)[0m   [0;1mINSERT INTO "stations" ("name", "created_at", "updated_at", "external_id", "color", "lng", "lat", "connected_id", "distance") VALUES('Tarasa Shevchenko', '2010-05-21 18:24:00', '2010-05-21 18:24:00', 41, 'blue', 30.5050849914551, 50.4732935403373, 0, NULL)[0m
  [4;35;1mStation Create (0.2ms)[0m   [0mINSERT INTO "stations" ("name", "created_at", "updated_at", "external_id", "color", "lng", "lat", "connected_id", "distance") VALUES('Petrovka', '2010-05-21 18:24:00', '2010-05-21 18:24:00', 42, 'blue', 30.4979181289673, 50.4860469664281, 0, NULL)[0m
  [4;36;1mStation Create (0.2ms)[0m   [0;1mINSERT INTO "stations" ("name", "created_at", "updated_at", "external_id", "color", "lng", "lat", "connected_id", "distance") VALUES('Obolon', '2010-05-21 18:24:00', '2010-05-21 18:24:00', 43, 'blue', 30.4995489120483, 50.5019634377854, 0, NULL)[0m
  [4;35;1mStation Create (0.2ms)[0m   [0mINSERT INTO "stations" ("name", "created_at", "updated_at", "external_id", "color", "lng", "lat", "connected_id", "distance") VALUES('Minskaya', '2010-05-21 18:24:00', '2010-05-21 18:24:00', 44, 'blue', 30.4985189437866, 50.5122257618458, 0, NULL)[0m
  [4;36;1mStation Create (0.2ms)[0m   [0;1mINSERT INTO "stations" ("name", "created_at", "updated_at", "external_id", "color", "lng", "lat", "connected_id", "distance") VALUES('Geroev Dnepra', '2010-05-21 18:24:00', '2010-05-21 18:24:00', 45, 'blue', 30.4989910125732, 50.5224858556293, 0, NULL)[0m
  [4;35;1mStation Load (0.3ms)[0m   [0mSELECT * FROM "stations" WHERE ("stations"."external_id" = 22) LIMIT 1[0m
  [4;36;1mStation Load (0.2ms)[0m   [0;1mSELECT * FROM "stations" WHERE ("stations"."external_id" = 38) LIMIT 1[0m
  [4;35;1mStation Load (0.2ms)[0m   [0mSELECT * FROM "stations" WHERE ("stations"."external_id" = 9) LIMIT 1[0m
  [4;36;1mStation Load (0.2ms)[0m   [0;1mSELECT * FROM "stations" WHERE ("stations"."external_id" = 37) LIMIT 1[0m
  [4;35;1mStation Load (0.2ms)[0m   [0mSELECT * FROM "stations" WHERE ("stations"."external_id" = 23) LIMIT 1[0m
  [4;36;1mStation Load (0.2ms)[0m   [0;1mSELECT * FROM "stations" WHERE ("stations"."external_id" = 10) LIMIT 1[0m
  [4;35;1mTrain Create (0.3ms)[0m   [0mINSERT INTO "trains" ("serial", "created_at", "updated_at", "color", "status", "start_time") VALUES('T-0', '2010-05-21 18:24:00', '2010-05-21 18:24:00', '', '', NULL)[0m
  [4;36;1mTrain Create (0.2ms)[0m   [0;1mINSERT INTO "trains" ("serial", "created_at", "updated_at", "color", "status", "start_time") VALUES('T-1', '2010-05-21 18:24:00', '2010-05-21 18:24:00', '', '', NULL)[0m
  [4;35;1mTrain Create (0.2ms)[0m   [0mINSERT INTO "trains" ("serial", "created_at", "updated_at", "color", "status", "start_time") VALUES('T-2', '2010-05-21 18:24:00', '2010-05-21 18:24:00', '', '', NULL)[0m
  [4;36;1mTrain Create (0.2ms)[0m   [0;1mINSERT INTO "trains" ("serial", "created_at", "updated_at", "color", "status", "start_time") VALUES('T-3', '2010-05-21 18:24:00', '2010-05-21 18:24:00', '', '', NULL)[0m
  [4;35;1mTrain Create (0.2ms)[0m   [0mINSERT INTO "trains" ("serial", "created_at", "updated_at", "color", "status", "start_time") VALUES('T-4', '2010-05-21 18:24:00', '2010-05-21 18:24:00', '', '', NULL)[0m
  [4;36;1mTrain Create (0.2ms)[0m   [0;1mINSERT INTO "trains" ("serial", "created_at", "updated_at", "color", "status", "start_time") VALUES('T-5', '2010-05-21 18:24:00', '2010-05-21 18:24:00', '', '', NULL)[0m
  [4;35;1mTrain Create (0.2ms)[0m   [0mINSERT INTO "trains" ("serial", "created_at", "updated_at", "color", "status", "start_time") VALUES('T-6', '2010-05-21 18:24:00', '2010-05-21 18:24:00', '', '', NULL)[0m
  [4;36;1mTrain Create (0.2ms)[0m   [0;1mINSERT INTO "trains" ("serial", "created_at", "updated_at", "color", "status", "start_time") VALUES('T-7', '2010-05-21 18:24:00', '2010-05-21 18:24:00', '', '', NULL)[0m
  [4;35;1mTrain Create (0.3ms)[0m   [0mINSERT INTO "trains" ("serial", "created_at", "updated_at", "color", "status", "start_time") VALUES('T-8', '2010-05-21 18:24:00', '2010-05-21 18:24:00', '', '', NULL)[0m
  [4;36;1mTrain Create (0.2ms)[0m   [0;1mINSERT INTO "trains" ("serial", "created_at", "updated_at", "color", "status", "start_time") VALUES('T-9', '2010-05-21 18:24:00', '2010-05-21 18:24:00', '', '', NULL)[0m
  [4;35;1mTrain Create (0.2ms)[0m   [0mINSERT INTO "trains" ("serial", "created_at", "updated_at", "color", "status", "start_time") VALUES('T-10', '2010-05-21 18:24:00', '2010-05-21 18:24:00', '', '', NULL)[0m
  [4;36;1mTrain Create (0.2ms)[0m   [0;1mINSERT INTO "trains" ("serial", "created_at", "updated_at", "color", "status", "start_time") VALUES('T-11', '2010-05-21 18:24:00', '2010-05-21 18:24:00', '', '', NULL)[0m
  [4;35;1mTrain Create (0.3ms)[0m   [0mINSERT INTO "trains" ("serial", "created_at", "updated_at", "color", "status", "start_time") VALUES('T-12', '2010-05-21 18:24:00', '2010-05-21 18:24:00', '', '', NULL)[0m
  [4;36;1mTrain Create (0.2ms)[0m   [0;1mINSERT INTO "trains" ("serial", "created_at", "updated_at", "color", "status", "start_time") VALUES('T-13', '2010-05-21 18:24:00', '2010-05-21 18:24:00', '', '', NULL)[0m
  [4;35;1mTrain Create (0.2ms)[0m   [0mINSERT INTO "trains" ("serial", "created_at", "updated_at", "color", "status", "start_time") VALUES('T-14', '2010-05-21 18:24:00', '2010-05-21 18:24:00', '', '', NULL)[0m
  [4;36;1mTrain Create (0.2ms)[0m   [0;1mINSERT INTO "trains" ("serial", "created_at", "updated_at", "color", "status", "start_time") VALUES('T-15', '2010-05-21 18:24:00', '2010-05-21 18:24:00', '', '', NULL)[0m
  [4;35;1mTrain Create (0.2ms)[0m   [0mINSERT INTO "trains" ("serial", "created_at", "updated_at", "color", "status", "start_time") VALUES('T-16', '2010-05-21 18:24:00', '2010-05-21 18:24:00', '', '', NULL)[0m
  [4;36;1mTrain Create (0.2ms)[0m   [0;1mINSERT INTO "trains" ("serial", "created_at", "updated_at", "color", "status", "start_time") VALUES('T-17', '2010-05-21 18:24:00', '2010-05-21 18:24:00', '', '', NULL)[0m
  [4;35;1mTrain Create (0.4ms)[0m   [0mINSERT INTO "trains" ("serial", "created_at", "updated_at", "color", "status", "start_time") VALUES('T-18', '2010-05-21 18:24:00', '2010-05-21 18:24:00', '', '', NULL)[0m
  [4;36;1mTrain Create (0.2ms)[0m   [0;1mINSERT INTO "trains" ("serial", "created_at", "updated_at", "color", "status", "start_time") VALUES('T-19', '2010-05-21 18:24:00', '2010-05-21 18:24:00', '', '', NULL)[0m
  [4;35;1mTrain Create (0.2ms)[0m   [0mINSERT INTO "trains" ("serial", "created_at", "updated_at", "color", "status", "start_time") VALUES('T-20', '2010-05-21 18:24:00', '2010-05-21 18:24:00', '', '', NULL)[0m
  [4;36;1mTrain Create (0.2ms)[0m   [0;1mINSERT INTO "trains" ("serial", "created_at", "updated_at", "color", "status", "start_time") VALUES('T-21', '2010-05-21 18:24:00', '2010-05-21 18:24:00', '', '', NULL)[0m
  [4;35;1mTrain Create (0.2ms)[0m   [0mINSERT INTO "trains" ("serial", "created_at", "updated_at", "color", "status", "start_time") VALUES('T-22', '2010-05-21 18:24:00', '2010-05-21 18:24:00', '', '', NULL)[0m
  [4;36;1mTrain Create (0.2ms)[0m   [0;1mINSERT INTO "trains" ("serial", "created_at", "updated_at", "color", "status", "start_time") VALUES('T-23', '2010-05-21 18:24:00', '2010-05-21 18:24:00', '', '', NULL)[0m
  [4;35;1mTrain Create (0.2ms)[0m   [0mINSERT INTO "trains" ("serial", "created_at", "updated_at", "color", "status", "start_time") VALUES('T-24', '2010-05-21 18:24:00', '2010-05-21 18:24:00', '', '', NULL)[0m
  [4;36;1mTrain Create (0.3ms)[0m   [0;1mINSERT INTO "trains" ("serial", "created_at", "updated_at", "color", "status", "start_time") VALUES('T-25', '2010-05-21 18:24:00', '2010-05-21 18:24:00', '', '', NULL)[0m
  [4;35;1mTrain Create (0.2ms)[0m   [0mINSERT INTO "trains" ("serial", "created_at", "updated_at", "color", "status", "start_time") VALUES('T-26', '2010-05-21 18:24:00', '2010-05-21 18:24:00', '', '', NULL)[0m
  [4;36;1mTrain Create (0.2ms)[0m   [0;1mINSERT INTO "trains" ("serial", "created_at", "updated_at", "color", "status", "start_time") VALUES('T-27', '2010-05-21 18:24:00', '2010-05-21 18:24:00', '', '', NULL)[0m
  [4;35;1mTrain Create (0.2ms)[0m   [0mINSERT INTO "trains" ("serial", "created_at", "updated_at", "color", "status", "start_time") VALUES('T-28', '2010-05-21 18:24:00', '2010-05-21 18:24:00', '', '', NULL)[0m
  [4;36;1mTrain Create (0.2ms)[0m   [0;1mINSERT INTO "trains" ("serial", "created_at", "updated_at", "color", "status", "start_time") VALUES('T-29', '2010-05-21 18:24:00', '2010-05-21 18:24:00', '', '', NULL)[0m
  [4;35;1mTrain Create (0.2ms)[0m   [0mINSERT INTO "trains" ("serial", "created_at", "updated_at", "color", "status", "start_time") VALUES('T-30', '2010-05-21 18:24:00', '2010-05-21 18:24:00', '', '', NULL)[0m
  [4;36;1mTrain Create (0.2ms)[0m   [0;1mINSERT INTO "trains" ("serial", "created_at", "updated_at", "color", "status", "start_time") VALUES('T-31', '2010-05-21 18:24:00', '2010-05-21 18:24:00', '', '', NULL)[0m
  [4;35;1mTrain Create (0.2ms)[0m   [0mINSERT INTO "trains" ("serial", "created_at", "updated_at", "color", "status", "start_time") VALUES('T-32', '2010-05-21 18:24:00', '2010-05-21 18:24:00', '', '', NULL)[0m
  [4;36;1mTrain Create (0.2ms)[0m   [0;1mINSERT INTO "trains" ("serial", "created_at", "updated_at", "color", "status", "start_time") VALUES('T-33', '2010-05-21 18:24:00', '2010-05-21 18:24:00', '', '', NULL)[0m
  [4;35;1mTrain Create (0.2ms)[0m   [0mINSERT INTO "trains" ("serial", "created_at", "updated_at", "color", "status", "start_time") VALUES('T-34', '2010-05-21 18:24:00', '2010-05-21 18:24:00', '', '', NULL)[0m
  [4;36;1mTrain Create (0.2ms)[0m   [0;1mINSERT INTO "trains" ("serial", "created_at", "updated_at", "color", "status", "start_time") VALUES('T-35', '2010-05-21 18:24:00', '2010-05-21 18:24:00', '', '', NULL)[0m
  [4;35;1mTrain Create (0.2ms)[0m   [0mINSERT INTO "trains" ("serial", "created_at", "updated_at", "color", "status", "start_time") VALUES('T-36', '2010-05-21 18:24:00', '2010-05-21 18:24:00', '', '', NULL)[0m
  [4;36;1mTrain Create (0.2ms)[0m   [0;1mINSERT INTO "trains" ("serial", "created_at", "updated_at", "color", "status", "start_time") VALUES('T-37', '2010-05-21 18:24:00', '2010-05-21 18:24:00', '', '', NULL)[0m
  [4;35;1mTrain Create (0.3ms)[0m   [0mINSERT INTO "trains" ("serial", "created_at", "updated_at", "color", "status", "start_time") VALUES('T-38', '2010-05-21 18:24:00', '2010-05-21 18:24:00', '', '', NULL)[0m
  [4;36;1mTrain Create (0.2ms)[0m   [0;1mINSERT INTO "trains" ("serial", "created_at", "updated_at", "color", "status", "start_time") VALUES('T-39', '2010-05-21 18:24:00', '2010-05-21 18:24:00', '', '', NULL)[0m
  [4;35;1mTrain Create (0.2ms)[0m   [0mINSERT INTO "trains" ("serial", "created_at", "updated_at", "color", "status", "start_time") VALUES('T-40', '2010-05-21 18:24:00', '2010-05-21 18:24:00', '', '', NULL)[0m
  [4;36;1mTrain Create (0.2ms)[0m   [0;1mINSERT INTO "trains" ("serial", "created_at", "updated_at", "color", "status", "start_time") VALUES('T-41', '2010-05-21 18:24:00', '2010-05-21 18:24:00', '', '', NULL)[0m
  [4;35;1mTrain Create (0.2ms)[0m   [0mINSERT INTO "trains" ("serial", "created_at", "updated_at", "color", "status", "start_time") VALUES('T-42', '2010-05-21 18:24:00', '2010-05-21 18:24:00', '', '', NULL)[0m
  [4;36;1mTrain Create (0.2ms)[0m   [0;1mINSERT INTO "trains" ("serial", "created_at", "updated_at", "color", "status", "start_time") VALUES('T-43', '2010-05-21 18:24:00', '2010-05-21 18:24:00', '', '', NULL)[0m
  [4;35;1mTrain Create (0.2ms)[0m   [0mINSERT INTO "trains" ("serial", "created_at", "updated_at", "color", "status", "start_time") VALUES('T-44', '2010-05-21 18:24:00', '2010-05-21 18:24:00', '', '', NULL)[0m
  [4;36;1mTrain Create (0.2ms)[0m   [0;1mINSERT INTO "trains" ("serial", "created_at", "updated_at", "color", "status", "start_time") VALUES('T-45', '2010-05-21 18:24:00', '2010-05-21 18:24:00', '', '', NULL)[0m
  [4;35;1mTrain Create (0.2ms)[0m   [0mINSERT INTO "trains" ("serial", "created_at", "updated_at", "color", "status", "start_time") VALUES('T-46', '2010-05-21 18:24:00', '2010-05-21 18:24:00', '', '', NULL)[0m
  [4;36;1mTrain Create (0.2ms)[0m   [0;1mINSERT INTO "trains" ("serial", "created_at", "updated_at", "color", "status", "start_time") VALUES('T-47', '2010-05-21 18:24:00', '2010-05-21 18:24:00', '', '', NULL)[0m
  [4;35;1mTrain Create (0.2ms)[0m   [0mINSERT INTO "trains" ("serial", "created_at", "updated_at", "color", "status", "start_time") VALUES('T-48', '2010-05-21 18:24:00', '2010-05-21 18:24:00', '', '', NULL)[0m
  [4;36;1mTrain Create (0.2ms)[0m   [0;1mINSERT INTO "trains" ("serial", "created_at", "updated_at", "color", "status", "start_time") VALUES('T-49', '2010-05-21 18:24:00', '2010-05-21 18:24:00', '', '', NULL)[0m
  [4;35;1mTrain Create (0.2ms)[0m   [0mINSERT INTO "trains" ("serial", "created_at", "updated_at", "color", "status", "start_time") VALUES('T-50', '2010-05-21 18:24:00', '2010-05-21 18:24:00', '', '', NULL)[0m
  [4;36;1mTrain Create (0.2ms)[0m   [0;1mINSERT INTO "trains" ("serial", "created_at", "updated_at", "color", "status", "start_time") VALUES('T-51', '2010-05-21 18:24:00', '2010-05-21 18:24:00', '', '', NULL)[0m
  [4;35;1mTrain Create (0.2ms)[0m   [0mINSERT INTO "trains" ("serial", "created_at", "updated_at", "color", "status", "start_time") VALUES('T-52', '2010-05-21 18:24:00', '2010-05-21 18:24:00', '', '', NULL)[0m
  [4;36;1mTrain Create (0.2ms)[0m   [0;1mINSERT INTO "trains" ("serial", "created_at", "updated_at", "color", "status", "start_time") VALUES('T-53', '2010-05-21 18:24:00', '2010-05-21 18:24:00', '', '', NULL)[0m
  [4;35;1mTrain Create (0.2ms)[0m   [0mINSERT INTO "trains" ("serial", "created_at", "updated_at", "color", "status", "start_time") VALUES('T-54', '2010-05-21 18:24:00', '2010-05-21 18:24:00', '', '', NULL)[0m
  [4;36;1mTrain Create (0.2ms)[0m   [0;1mINSERT INTO "trains" ("serial", "created_at", "updated_at", "color", "status", "start_time") VALUES('T-55', '2010-05-21 18:24:00', '2010-05-21 18:24:00', '', '', NULL)[0m
  [4;35;1mTrain Create (0.2ms)[0m   [0mINSERT INTO "trains" ("serial", "created_at", "updated_at", "color", "status", "start_time") VALUES('T-56', '2010-05-21 18:24:00', '2010-05-21 18:24:00', '', '', NULL)[0m
  [4;36;1mTrain Create (0.2ms)[0m   [0;1mINSERT INTO "trains" ("serial", "created_at", "updated_at", "color", "status", "start_time") VALUES('T-57', '2010-05-21 18:24:00', '2010-05-21 18:24:00', '', '', NULL)[0m
  [4;35;1mTrain Create (0.2ms)[0m   [0mINSERT INTO "trains" ("serial", "created_at", "updated_at", "color", "status", "start_time") VALUES('T-58', '2010-05-21 18:24:00', '2010-05-21 18:24:00', '', '', NULL)[0m
  [4;36;1mTrain Create (0.2ms)[0m   [0;1mINSERT INTO "trains" ("serial", "created_at", "updated_at", "color", "status", "start_time") VALUES('T-59', '2010-05-21 18:24:00', '2010-05-21 18:24:00', '', '', NULL)[0m
  [4;35;1mTrain Create (0.2ms)[0m   [0mINSERT INTO "trains" ("serial", "created_at", "updated_at", "color", "status", "start_time") VALUES('T-60', '2010-05-21 18:24:00', '2010-05-21 18:24:00', '', '', NULL)[0m
  [4;36;1mTrain Create (0.2ms)[0m   [0;1mINSERT INTO "trains" ("serial", "created_at", "updated_at", "color", "status", "start_time") VALUES('T-61', '2010-05-21 18:24:00', '2010-05-21 18:24:00', '', '', NULL)[0m
  [4;35;1mTrain Create (0.2ms)[0m   [0mINSERT INTO "trains" ("serial", "created_at", "updated_at", "color", "status", "start_time") VALUES('T-62', '2010-05-21 18:24:00', '2010-05-21 18:24:00', '', '', NULL)[0m
  [4;36;1mTrain Create (0.3ms)[0m   [0;1mINSERT INTO "trains" ("serial", "created_at", "updated_at", "color", "status", "start_time") VALUES('T-63', '2010-05-21 18:24:00', '2010-05-21 18:24:00', '', '', NULL)[0m
  [4;35;1mTrain Create (0.2ms)[0m   [0mINSERT INTO "trains" ("serial", "created_at", "updated_at", "color", "status", "start_time") VALUES('T-64', '2010-05-21 18:24:00', '2010-05-21 18:24:00', '', '', NULL)[0m
  [4;36;1mTrain Create (0.2ms)[0m   [0;1mINSERT INTO "trains" ("serial", "created_at", "updated_at", "color", "status", "start_time") VALUES('T-65', '2010-05-21 18:24:00', '2010-05-21 18:24:00', '', '', NULL)[0m
  [4;35;1mTrain Create (0.2ms)[0m   [0mINSERT INTO "trains" ("serial", "created_at", "updated_at", "color", "status", "start_time") VALUES('T-66', '2010-05-21 18:24:00', '2010-05-21 18:24:00', '', '', NULL)[0m
  [4;36;1mTrain Create (0.2ms)[0m   [0;1mINSERT INTO "trains" ("serial", "created_at", "updated_at", "color", "status", "start_time") VALUES('T-67', '2010-05-21 18:24:00', '2010-05-21 18:24:00', '', '', NULL)[0m
  [4;35;1mTrain Create (0.2ms)[0m   [0mINSERT INTO "trains" ("serial", "created_at", "updated_at", "color", "status", "start_time") VALUES('T-68', '2010-05-21 18:24:00', '2010-05-21 18:24:00', '', '', NULL)[0m
  [4;36;1mTrain Create (0.2ms)[0m   [0;1mINSERT INTO "trains" ("serial", "created_at", "updated_at", "color", "status", "start_time") VALUES('T-69', '2010-05-21 18:24:00', '2010-05-21 18:24:00', '', '', NULL)[0m
  [4;35;1mTrain Create (0.2ms)[0m   [0mINSERT INTO "trains" ("serial", "created_at", "updated_at", "color", "status", "start_time") VALUES('T-70', '2010-05-21 18:24:00', '2010-05-21 18:24:00', '', '', NULL)[0m
  [4;36;1mTrain Create (0.2ms)[0m   [0;1mINSERT INTO "trains" ("serial", "created_at", "updated_at", "color", "status", "start_time") VALUES('T-71', '2010-05-21 18:24:00', '2010-05-21 18:24:00', '', '', NULL)[0m
  [4;35;1mTrain Create (0.2ms)[0m   [0mINSERT INTO "trains" ("serial", "created_at", "updated_at", "color", "status", "start_time") VALUES('T-72', '2010-05-21 18:24:00', '2010-05-21 18:24:00', '', '', NULL)[0m
  [4;36;1mTrain Create (0.2ms)[0m   [0;1mINSERT INTO "trains" ("serial", "created_at", "updated_at", "color", "status", "start_time") VALUES('T-73', '2010-05-21 18:24:00', '2010-05-21 18:24:00', '', '', NULL)[0m
  [4;35;1mTrain Create (0.2ms)[0m   [0mINSERT INTO "trains" ("serial", "created_at", "updated_at", "color", "status", "start_time") VALUES('T-74', '2010-05-21 18:24:00', '2010-05-21 18:24:00', '', '', NULL)[0m
  [4;36;1mTrain Create (0.2ms)[0m   [0;1mINSERT INTO "trains" ("serial", "created_at", "updated_at", "color", "status", "start_time") VALUES('T-75', '2010-05-21 18:24:00', '2010-05-21 18:24:00', '', '', NULL)[0m
  [4;35;1mTrain Create (0.2ms)[0m   [0mINSERT INTO "trains" ("serial", "created_at", "updated_at", "color", "status", "start_time") VALUES('T-76', '2010-05-21 18:24:00', '2010-05-21 18:24:00', '', '', NULL)[0m
  [4;36;1mTrain Create (0.2ms)[0m   [0;1mINSERT INTO "trains" ("serial", "created_at", "updated_at", "color", "status", "start_time") VALUES('T-77', '2010-05-21 18:24:00', '2010-05-21 18:24:00', '', '', NULL)[0m
  [4;35;1mTrain Create (0.2ms)[0m   [0mINSERT INTO "trains" ("serial", "created_at", "updated_at", "color", "status", "start_time") VALUES('T-78', '2010-05-21 18:24:00', '2010-05-21 18:24:00', '', '', NULL)[0m
  [4;36;1mTrain Create (0.2ms)[0m   [0;1mINSERT INTO "trains" ("serial", "created_at", "updated_at", "color", "status", "start_time") VALUES('T-79', '2010-05-21 18:24:00', '2010-05-21 18:24:00', '', '', NULL)[0m
  [4;35;1mTrain Create (0.2ms)[0m   [0mINSERT INTO "trains" ("serial", "created_at", "updated_at", "color", "status", "start_time") VALUES('T-80', '2010-05-21 18:24:00', '2010-05-21 18:24:00', '', '', NULL)[0m
  [4;36;1mTrain Create (0.2ms)[0m   [0;1mINSERT INTO "trains" ("serial", "created_at", "updated_at", "color", "status", "start_time") VALUES('T-81', '2010-05-21 18:24:00', '2010-05-21 18:24:00', '', '', NULL)[0m
  [4;35;1mTrain Create (0.2ms)[0m   [0mINSERT INTO "trains" ("serial", "created_at", "updated_at", "color", "status", "start_time") VALUES('T-82', '2010-05-21 18:24:00', '2010-05-21 18:24:00', '', '', NULL)[0m
  [4;36;1mTrain Create (0.2ms)[0m   [0;1mINSERT INTO "trains" ("serial", "created_at", "updated_at", "color", "status", "start_time") VALUES('T-83', '2010-05-21 18:24:00', '2010-05-21 18:24:00', '', '', NULL)[0m
  [4;36;1mSQL (0.1ms)[0m   [0;1mSELECT count(*) AS count_all FROM "trains" [0m
  [4;35;1mSQL (0.4ms)[0m   [0mSELECT count(*) AS count_all FROM "stations" [0m
  [4;36;1mStation Delete all (3.3ms)[0m   [0;1mDELETE FROM "stations" WHERE 1=1[0m
  [4;35;1mStation Create (0.5ms)[0m   [0mINSERT INTO "stations" ("name", "created_at", "updated_at", "external_id", "color", "lng", "lat", "connected_id", "distance") VALUES('Akademgorodok', '2010-05-21 18:24:58', '2010-05-21 18:24:58', 0, 'red', 30.3547847270966, 50.4648530860551, 0, NULL)[0m
  [4;36;1mStation Create (0.2ms)[0m   [0;1mINSERT INTO "stations" ("name", "created_at", "updated_at", "external_id", "color", "lng", "lat", "connected_id", "distance") VALUES('Zhitomirskaya', '2010-05-21 18:24:58', '2010-05-21 18:24:58', 1, 'red', 30.3637754917145, 50.456185712214, 0, NULL)[0m
  [4;35;1mStation Create (0.2ms)[0m   [0mINSERT INTO "stations" ("name", "created_at", "updated_at", "external_id", "color", "lng", "lat", "connected_id", "distance") VALUES('Svyatoshin', '2010-05-21 18:24:58', '2010-05-21 18:24:58', 2, 'red', 30.3919172286987, 50.4576201390719, 0, NULL)[0m
  [4;36;1mStation Create (0.2ms)[0m   [0;1mINSERT INTO "stations" ("name", "created_at", "updated_at", "external_id", "color", "lng", "lat", "connected_id", "distance") VALUES('Nivki', '2010-05-21 18:24:58', '2010-05-21 18:24:58', 3, 'red', 30.4047381877899, 50.4589247466802, 0, NULL)[0m
  [4;35;1mStation Create (0.3ms)[0m   [0mINSERT INTO "stations" ("name", "created_at", "updated_at", "external_id", "color", "lng", "lat", "connected_id", "distance") VALUES('Beresteyskaya', '2010-05-21 18:24:58', '2010-05-21 18:24:58', 4, 'red', 30.4205632209778, 50.4587266672136, 0, NULL)[0m
  [4;36;1mStation Create (0.2ms)[0m   [0;1mINSERT INTO "stations" ("name", "created_at", "updated_at", "external_id", "color", "lng", "lat", "connected_id", "distance") VALUES('Shulyavskaya', '2010-05-21 18:24:58', '2010-05-21 18:24:58', 5, 'red', 30.4452073574066, 50.4548741981646, 0, NULL)[0m
  [4;35;1mStation Create (0.2ms)[0m   [0mINSERT INTO "stations" ("name", "created_at", "updated_at", "external_id", "color", "lng", "lat", "connected_id", "distance") VALUES('Politehnicheskij Institut', '2010-05-21 18:24:58', '2010-05-21 18:24:58', 6, 'red', 30.4664933681488, 50.4507959768639, 0, NULL)[0m
  [4;36;1mStation Create (0.2ms)[0m   [0;1mINSERT INTO "stations" ("name", "created_at", "updated_at", "external_id", "color", "lng", "lat", "connected_id", "distance") VALUES('Vokzalnaya', '2010-05-21 18:24:58', '2010-05-21 18:24:58', 7, 'red', 30.4884123802185, 50.4415794048743, 0, NULL)[0m
  [4;35;1mStation Create (0.3ms)[0m   [0mINSERT INTO "stations" ("name", "created_at", "updated_at", "external_id", "color", "lng", "lat", "connected_id", "distance") VALUES('Universitet', '2010-05-21 18:24:58', '2010-05-21 18:24:58', 8, 'red', 30.5058467388153, 50.4440733172081, 0, NULL)[0m
  [4;36;1mStation Create (0.2ms)[0m   [0;1mINSERT INTO "stations" ("name", "created_at", "updated_at", "external_id", "color", "lng", "lat", "connected_id", "distance") VALUES('Teatralnaya', '2010-05-21 18:24:58', '2010-05-21 18:24:58', 9, 'red', 30.5186462402344, 50.4453714661397, 0, NULL)[0m
  [4;35;1mStation Create (0.2ms)[0m   [0mINSERT INTO "stations" ("name", "created_at", "updated_at", "external_id", "color", "lng", "lat", "connected_id", "distance") VALUES('Khreshyatik', '2010-05-21 18:24:58', '2010-05-21 18:24:58', 10, 'red', 30.5256199836731, 50.4474279344503, 0, NULL)[0m
  [4;36;1mStation Create (0.2ms)[0m   [0;1mINSERT INTO "stations" ("name", "created_at", "updated_at", "external_id", "color", "lng", "lat", "connected_id", "distance") VALUES('Arsenalnaya', '2010-05-21 18:24:58', '2010-05-21 18:24:58', 11, 'red', 30.5453610420227, 50.4443192850031, 0, NULL)[0m
  [4;35;1mStation Create (0.3ms)[0m   [0mINSERT INTO "stations" ("name", "created_at", "updated_at", "external_id", "color", "lng", "lat", "connected_id", "distance") VALUES('Dnepr', '2010-05-21 18:24:58', '2010-05-21 18:24:58', 12, 'red', 30.5585360527039, 50.4409849461008, 0, NULL)[0m
  [4;36;1mStation Create (0.2ms)[0m   [0;1mINSERT INTO "stations" ("name", "created_at", "updated_at", "external_id", "color", "lng", "lat", "connected_id", "distance") VALUES('Gidropark', '2010-05-21 18:24:58', '2010-05-21 18:24:58', 13, 'red', 30.5769681930542, 50.4461161776105, 0, NULL)[0m
  [4;35;1mStation Create (0.2ms)[0m   [0mINSERT INTO "stations" ("name", "created_at", "updated_at", "external_id", "color", "lng", "lat", "connected_id", "distance") VALUES('Levoberezhnaya', '2010-05-21 18:24:58', '2010-05-21 18:24:58', 14, 'red', 30.598179101944, 50.4517318811742, 0, NULL)[0m
  [4;36;1mStation Create (0.2ms)[0m   [0;1mINSERT INTO "stations" ("name", "created_at", "updated_at", "external_id", "color", "lng", "lat", "connected_id", "distance") VALUES('Darnitsa', '2010-05-21 18:24:58', '2010-05-21 18:24:58', 15, 'red', 30.6138646602631, 50.4564384477219, 0, NULL)[0m
  [4;35;1mStation Create (0.2ms)[0m   [0mINSERT INTO "stations" ("name", "created_at", "updated_at", "external_id", "color", "lng", "lat", "connected_id", "distance") VALUES('Chernigovskaya', '2010-05-21 18:24:58', '2010-05-21 18:24:58', 16, 'red', 30.6303870677948, 50.4597170562515, 0, NULL)[0m
  [4;36;1mStation Create (0.2ms)[0m   [0;1mINSERT INTO "stations" ("name", "created_at", "updated_at", "external_id", "color", "lng", "lat", "connected_id", "distance") VALUES('Lesnaya', '2010-05-21 18:24:58', '2010-05-21 18:24:58', 17, 'red', 30.6444418430328, 50.4643408740798, 0, NULL)[0m
  [4;35;1mStation Create (0.2ms)[0m   [0mINSERT INTO "stations" ("name", "created_at", "updated_at", "external_id", "color", "lng", "lat", "connected_id", "distance") VALUES('Syrets', '2010-05-21 18:24:58', '2010-05-21 18:24:58', 19, 'green', 30.4308843612671, 50.4763251803579, 0, NULL)[0m
  [4;36;1mStation Create (0.2ms)[0m   [0;1mINSERT INTO "stations" ("name", "created_at", "updated_at", "external_id", "color", "lng", "lat", "connected_id", "distance") VALUES('Dorogozhichi', '2010-05-21 18:24:58', '2010-05-21 18:24:58', 20, 'green', 30.4482221603394, 50.4734027920031, 0, NULL)[0m
  [4;35;1mStation Create (0.3ms)[0m   [0mINSERT INTO "stations" ("name", "created_at", "updated_at", "external_id", "color", "lng", "lat", "connected_id", "distance") VALUES('Lukyanovskaya', '2010-05-21 18:24:58', '2010-05-21 18:24:58', 21, 'green', 30.4819107055664, 50.4617114319366, 0, NULL)[0m
  [4;36;1mStation Create (0.2ms)[0m   [0;1mINSERT INTO "stations" ("name", "created_at", "updated_at", "external_id", "color", "lng", "lat", "connected_id", "distance") VALUES('Zolotie Vorota', '2010-05-21 18:24:58', '2010-05-21 18:24:58', 22, 'green', 30.5135822296143, 50.4482955869623, 0, NULL)[0m
  [4;35;1mStation Create (0.2ms)[0m   [0mINSERT INTO "stations" ("name", "created_at", "updated_at", "external_id", "color", "lng", "lat", "connected_id", "distance") VALUES('Palatz Sporta', '2010-05-21 18:24:58', '2010-05-21 18:24:58', 23, 'green', 30.5207490921021, 50.4381833732158, 0, NULL)[0m
  [4;36;1mStation Create (0.3ms)[0m   [0;1mINSERT INTO "stations" ("name", "created_at", "updated_at", "external_id", "color", "lng", "lat", "connected_id", "distance") VALUES('Klovskaya', '2010-05-21 18:24:58', '2010-05-21 18:24:58', 24, 'green', 30.5317354202271, 50.4368986941006, 0, NULL)[0m
  [4;35;1mStation Create (0.2ms)[0m   [0mINSERT INTO "stations" ("name", "created_at", "updated_at", "external_id", "color", "lng", "lat", "connected_id", "distance") VALUES('Pecherskaya', '2010-05-21 18:24:58', '2010-05-21 18:24:58', 25, 'green', 30.5389881134033, 50.4275222142197, 0, NULL)[0m
  [4;36;1mStation Create (0.2ms)[0m   [0;1mINSERT INTO "stations" ("name", "created_at", "updated_at", "external_id", "color", "lng", "lat", "connected_id", "distance") VALUES('Druzhby Narodov', '2010-05-21 18:24:58', '2010-05-21 18:24:58', 26, 'green', 30.5449533462524, 50.4181438773061, 0, NULL)[0m
  [4;35;1mStation Create (0.2ms)[0m   [0mINSERT INTO "stations" ("name", "created_at", "updated_at", "external_id", "color", "lng", "lat", "connected_id", "distance") VALUES('Vydubichi ', '2010-05-21 18:24:58', '2010-05-21 18:24:58', 27, 'green', 30.5616903305054, 50.4011323596995, 0, NULL)[0m
  [4;36;1mStation Create (0.2ms)[0m   [0;1mINSERT INTO "stations" ("name", "created_at", "updated_at", "external_id", "color", "lng", "lat", "connected_id", "distance") VALUES('Slavutich', '2010-05-21 18:24:58', '2010-05-21 18:24:58', 28, 'green', 30.6043910980225, 50.3941837778526, 0, NULL)[0m
  [4;35;1mStation Create (0.2ms)[0m   [0mINSERT INTO "stations" ("name", "created_at", "updated_at", "external_id", "color", "lng", "lat", "connected_id", "distance") VALUES('Osokorki', '2010-05-21 18:24:58', '2010-05-21 18:24:58', 29, 'green', 30.6163215637207, 50.39612620054, 0, NULL)[0m
  [4;36;1mStation Create (0.2ms)[0m   [0;1mINSERT INTO "stations" ("name", "created_at", "updated_at", "external_id", "color", "lng", "lat", "connected_id", "distance") VALUES('Poznyaki', '2010-05-21 18:24:58', '2010-05-21 18:24:58', 30, 'green', 30.6337881088257, 50.397877048562, 0, NULL)[0m
  [4;35;1mStation Create (0.2ms)[0m   [0mINSERT INTO "stations" ("name", "created_at", "updated_at", "external_id", "color", "lng", "lat", "connected_id", "distance") VALUES('Harkovskaya', '2010-05-21 18:24:58', '2010-05-21 18:24:58', 31, 'green', 30.651683807373, 50.4005579092735, 0, NULL)[0m
  [4;36;1mStation Create (0.2ms)[0m   [0;1mINSERT INTO "stations" ("name", "created_at", "updated_at", "external_id", "color", "lng", "lat", "connected_id", "distance") VALUES('Virlitsa', '2010-05-21 18:24:58', '2010-05-21 18:24:58', 32, 'green', 30.6704807281494, 50.4031565580897, 0, NULL)[0m
  [4;35;1mStation Create (0.2ms)[0m   [0mINSERT INTO "stations" ("name", "created_at", "updated_at", "external_id", "color", "lng", "lat", "connected_id", "distance") VALUES('Borisposkaya', '2010-05-21 18:24:58', '2010-05-21 18:24:58', 33, 'green', 30.683012008667, 50.4033206784946, 0, NULL)[0m
  [4;36;1mStation Create (0.2ms)[0m   [0;1mINSERT INTO "stations" ("name", "created_at", "updated_at", "external_id", "color", "lng", "lat", "connected_id", "distance") VALUES('Lybedskaya', '2010-05-21 18:24:58', '2010-05-21 18:24:58', 34, 'blue', 30.5246114730835, 50.4128660374296, 0, NULL)[0m
  [4;35;1mStation Create (0.2ms)[0m   [0mINSERT INTO "stations" ("name", "created_at", "updated_at", "external_id", "color", "lng", "lat", "connected_id", "distance") VALUES('Pa:latz Ukraina', '2010-05-21 18:24:58', '2010-05-21 18:24:58', 35, 'blue', 30.520920753479, 50.4204954714981, 0, NULL)[0m
  [4;36;1mStation Create (0.2ms)[0m   [0;1mINSERT INTO "stations" ("name", "created_at", "updated_at", "external_id", "color", "lng", "lat", "connected_id", "distance") VALUES('Respublikanskij Standion', '2010-05-21 18:24:58', '2010-05-21 18:24:58', 36, 'blue', 30.5165863037109, 50.4321423445425, 0, NULL)[0m
  [4;35;1mStation Create (0.2ms)[0m   [0mINSERT INTO "stations" ("name", "created_at", "updated_at", "external_id", "color", "lng", "lat", "connected_id", "distance") VALUES('Ploshyad Lva Tolstogo', '2010-05-21 18:24:58', '2010-05-21 18:24:58', 37, 'blue', 30.5168008804321, 50.439577347281, 0, NULL)[0m
  [4;36;1mStation Create (0.2ms)[0m   [0;1mINSERT INTO "stations" ("name", "created_at", "updated_at", "external_id", "color", "lng", "lat", "connected_id", "distance") VALUES('Majdan Nezalejnosti', '2010-05-21 18:24:58', '2010-05-21 18:24:58', 38, 'blue', 30.5224657058716, 50.4511102241713, 0, NULL)[0m
  [4;35;1mStation Create (0.2ms)[0m   [0mINSERT INTO "stations" ("name", "created_at", "updated_at", "external_id", "color", "lng", "lat", "connected_id", "distance") VALUES('Pochtovaya Ploshyad', '2010-05-21 18:24:58', '2010-05-21 18:24:58', 39, 'blue', 30.5249547958374, 50.4589247466802, 0, NULL)[0m
  [4;36;1mStation Create (0.2ms)[0m   [0;1mINSERT INTO "stations" ("name", "created_at", "updated_at", "external_id", "color", "lng", "lat", "connected_id", "distance") VALUES('Kontraktovaya Ploshyad', '2010-05-21 18:24:58', '2010-05-21 18:24:58', 40, 'blue', 30.5152130126953, 50.4658638347442, 0, NULL)[0m
  [4;35;1mStation Create (0.2ms)[0m   [0mINSERT INTO "stations" ("name", "created_at", "updated_at", "external_id", "color", "lng", "lat", "connected_id", "distance") VALUES('Tarasa Shevchenko', '2010-05-21 18:24:58', '2010-05-21 18:24:58', 41, 'blue', 30.5050849914551, 50.4732935403373, 0, NULL)[0m
  [4;36;1mStation Create (0.2ms)[0m   [0;1mINSERT INTO "stations" ("name", "created_at", "updated_at", "external_id", "color", "lng", "lat", "connected_id", "distance") VALUES('Petrovka', '2010-05-21 18:24:58', '2010-05-21 18:24:58', 42, 'blue', 30.4979181289673, 50.4860469664281, 0, NULL)[0m
  [4;35;1mStation Create (0.2ms)[0m   [0mINSERT INTO "stations" ("name", "created_at", "updated_at", "external_id", "color", "lng", "lat", "connected_id", "distance") VALUES('Obolon', '2010-05-21 18:24:58', '2010-05-21 18:24:58', 43, 'blue', 30.4995489120483, 50.5019634377854, 0, NULL)[0m
  [4;36;1mStation Create (0.2ms)[0m   [0;1mINSERT INTO "stations" ("name", "created_at", "updated_at", "external_id", "color", "lng", "lat", "connected_id", "distance") VALUES('Minskaya', '2010-05-21 18:24:58', '2010-05-21 18:24:58', 44, 'blue', 30.4985189437866, 50.5122257618458, 0, NULL)[0m
  [4;35;1mStation Create (0.2ms)[0m   [0mINSERT INTO "stations" ("name", "created_at", "updated_at", "external_id", "color", "lng", "lat", "connected_id", "distance") VALUES('Geroev Dnepra', '2010-05-21 18:24:58', '2010-05-21 18:24:58', 45, 'blue', 30.4989910125732, 50.5224858556293, 0, NULL)[0m
  [4;36;1mStation Load (0.4ms)[0m   [0;1mSELECT * FROM "stations" WHERE ("stations"."external_id" = 22) LIMIT 1[0m
  [4;35;1mStation Load (0.2ms)[0m   [0mSELECT * FROM "stations" WHERE ("stations"."external_id" = 38) LIMIT 1[0m
  [4;36;1mStation Load (0.2ms)[0m   [0;1mSELECT * FROM "stations" WHERE ("stations"."external_id" = 9) LIMIT 1[0m
  [4;35;1mStation Load (0.2ms)[0m   [0mSELECT * FROM "stations" WHERE ("stations"."external_id" = 37) LIMIT 1[0m
  [4;36;1mStation Load (0.2ms)[0m   [0;1mSELECT * FROM "stations" WHERE ("stations"."external_id" = 23) LIMIT 1[0m
  [4;35;1mStation Load (0.2ms)[0m   [0mSELECT * FROM "stations" WHERE ("stations"."external_id" = 10) LIMIT 1[0m
  [4;36;1mTrain Delete all (1.9ms)[0m   [0;1mDELETE FROM "trains" WHERE 1=1[0m
  [4;35;1mTrain Create (0.3ms)[0m   [0mINSERT INTO "trains" ("serial", "created_at", "updated_at", "color", "status", "start_time") VALUES('T-0', '2010-05-21 18:24:59', '2010-05-21 18:24:59', '', '', NULL)[0m
  [4;36;1mTrain Create (0.3ms)[0m   [0;1mINSERT INTO "trains" ("serial", "created_at", "updated_at", "color", "status", "start_time") VALUES('T-1', '2010-05-21 18:24:59', '2010-05-21 18:24:59', '', '', NULL)[0m
  [4;35;1mTrain Create (0.2ms)[0m   [0mINSERT INTO "trains" ("serial", "created_at", "updated_at", "color", "status", "start_time") VALUES('T-2', '2010-05-21 18:24:59', '2010-05-21 18:24:59', '', '', NULL)[0m
  [4;36;1mTrain Create (0.2ms)[0m   [0;1mINSERT INTO "trains" ("serial", "created_at", "updated_at", "color", "status", "start_time") VALUES('T-3', '2010-05-21 18:24:59', '2010-05-21 18:24:59', '', '', NULL)[0m
  [4;35;1mTrain Create (0.2ms)[0m   [0mINSERT INTO "trains" ("serial", "created_at", "updated_at", "color", "status", "start_time") VALUES('T-4', '2010-05-21 18:24:59', '2010-05-21 18:24:59', '', '', NULL)[0m
  [4;36;1mTrain Create (0.2ms)[0m   [0;1mINSERT INTO "trains" ("serial", "created_at", "updated_at", "color", "status", "start_time") VALUES('T-5', '2010-05-21 18:24:59', '2010-05-21 18:24:59', '', '', NULL)[0m
  [4;35;1mTrain Create (0.2ms)[0m   [0mINSERT INTO "trains" ("serial", "created_at", "updated_at", "color", "status", "start_time") VALUES('T-6', '2010-05-21 18:24:59', '2010-05-21 18:24:59', '', '', NULL)[0m
  [4;36;1mTrain Create (0.2ms)[0m   [0;1mINSERT INTO "trains" ("serial", "created_at", "updated_at", "color", "status", "start_time") VALUES('T-7', '2010-05-21 18:24:59', '2010-05-21 18:24:59', '', '', NULL)[0m
  [4;35;1mTrain Create (0.2ms)[0m   [0mINSERT INTO "trains" ("serial", "created_at", "updated_at", "color", "status", "start_time") VALUES('T-8', '2010-05-21 18:24:59', '2010-05-21 18:24:59', '', '', NULL)[0m
  [4;36;1mTrain Create (0.2ms)[0m   [0;1mINSERT INTO "trains" ("serial", "created_at", "updated_at", "color", "status", "start_time") VALUES('T-9', '2010-05-21 18:24:59', '2010-05-21 18:24:59', '', '', NULL)[0m
  [4;35;1mTrain Create (0.2ms)[0m   [0mINSERT INTO "trains" ("serial", "created_at", "updated_at", "color", "status", "start_time") VALUES('T-10', '2010-05-21 18:24:59', '2010-05-21 18:24:59', '', '', NULL)[0m
  [4;36;1mTrain Create (0.2ms)[0m   [0;1mINSERT INTO "trains" ("serial", "created_at", "updated_at", "color", "status", "start_time") VALUES('T-11', '2010-05-21 18:24:59', '2010-05-21 18:24:59', '', '', NULL)[0m
  [4;35;1mTrain Create (0.2ms)[0m   [0mINSERT INTO "trains" ("serial", "created_at", "updated_at", "color", "status", "start_time") VALUES('T-12', '2010-05-21 18:24:59', '2010-05-21 18:24:59', '', '', NULL)[0m
  [4;36;1mTrain Create (0.2ms)[0m   [0;1mINSERT INTO "trains" ("serial", "created_at", "updated_at", "color", "status", "start_time") VALUES('T-13', '2010-05-21 18:24:59', '2010-05-21 18:24:59', '', '', NULL)[0m
  [4;35;1mTrain Create (0.2ms)[0m   [0mINSERT INTO "trains" ("serial", "created_at", "updated_at", "color", "status", "start_time") VALUES('T-14', '2010-05-21 18:24:59', '2010-05-21 18:24:59', '', '', NULL)[0m
  [4;36;1mTrain Create (0.2ms)[0m   [0;1mINSERT INTO "trains" ("serial", "created_at", "updated_at", "color", "status", "start_time") VALUES('T-15', '2010-05-21 18:24:59', '2010-05-21 18:24:59', '', '', NULL)[0m
  [4;35;1mTrain Create (0.2ms)[0m   [0mINSERT INTO "trains" ("serial", "created_at", "updated_at", "color", "status", "start_time") VALUES('T-16', '2010-05-21 18:24:59', '2010-05-21 18:24:59', '', '', NULL)[0m
  [4;36;1mTrain Create (0.3ms)[0m   [0;1mINSERT INTO "trains" ("serial", "created_at", "updated_at", "color", "status", "start_time") VALUES('T-17', '2010-05-21 18:24:59', '2010-05-21 18:24:59', '', '', NULL)[0m
  [4;35;1mTrain Create (0.4ms)[0m   [0mINSERT INTO "trains" ("serial", "created_at", "updated_at", "color", "status", "start_time") VALUES('T-18', '2010-05-21 18:24:59', '2010-05-21 18:24:59', '', '', NULL)[0m
  [4;36;1mTrain Create (0.2ms)[0m   [0;1mINSERT INTO "trains" ("serial", "created_at", "updated_at", "color", "status", "start_time") VALUES('T-19', '2010-05-21 18:24:59', '2010-05-21 18:24:59', '', '', NULL)[0m
  [4;35;1mTrain Create (0.2ms)[0m   [0mINSERT INTO "trains" ("serial", "created_at", "updated_at", "color", "status", "start_time") VALUES('T-20', '2010-05-21 18:24:59', '2010-05-21 18:24:59', '', '', NULL)[0m
  [4;36;1mTrain Create (0.2ms)[0m   [0;1mINSERT INTO "trains" ("serial", "created_at", "updated_at", "color", "status", "start_time") VALUES('T-21', '2010-05-21 18:24:59', '2010-05-21 18:24:59', '', '', NULL)[0m
  [4;35;1mTrain Create (0.2ms)[0m   [0mINSERT INTO "trains" ("serial", "created_at", "updated_at", "color", "status", "start_time") VALUES('T-22', '2010-05-21 18:24:59', '2010-05-21 18:24:59', '', '', NULL)[0m
  [4;36;1mTrain Create (0.2ms)[0m   [0;1mINSERT INTO "trains" ("serial", "created_at", "updated_at", "color", "status", "start_time") VALUES('T-23', '2010-05-21 18:24:59', '2010-05-21 18:24:59', '', '', NULL)[0m
  [4;35;1mTrain Create (0.2ms)[0m   [0mINSERT INTO "trains" ("serial", "created_at", "updated_at", "color", "status", "start_time") VALUES('T-24', '2010-05-21 18:24:59', '2010-05-21 18:24:59', '', '', NULL)[0m
  [4;36;1mTrain Create (0.2ms)[0m   [0;1mINSERT INTO "trains" ("serial", "created_at", "updated_at", "color", "status", "start_time") VALUES('T-25', '2010-05-21 18:24:59', '2010-05-21 18:24:59', '', '', NULL)[0m
  [4;35;1mTrain Create (0.2ms)[0m   [0mINSERT INTO "trains" ("serial", "created_at", "updated_at", "color", "status", "start_time") VALUES('T-26', '2010-05-21 18:24:59', '2010-05-21 18:24:59', '', '', NULL)[0m
  [4;36;1mTrain Create (0.2ms)[0m   [0;1mINSERT INTO "trains" ("serial", "created_at", "updated_at", "color", "status", "start_time") VALUES('T-27', '2010-05-21 18:24:59', '2010-05-21 18:24:59', '', '', NULL)[0m
  [4;35;1mTrain Create (0.2ms)[0m   [0mINSERT INTO "trains" ("serial", "created_at", "updated_at", "color", "status", "start_time") VALUES('T-28', '2010-05-21 18:24:59', '2010-05-21 18:24:59', '', '', NULL)[0m
  [4;36;1mTrain Create (0.2ms)[0m   [0;1mINSERT INTO "trains" ("serial", "created_at", "updated_at", "color", "status", "start_time") VALUES('T-29', '2010-05-21 18:24:59', '2010-05-21 18:24:59', '', '', NULL)[0m
  [4;35;1mTrain Create (0.2ms)[0m   [0mINSERT INTO "trains" ("serial", "created_at", "updated_at", "color", "status", "start_time") VALUES('T-30', '2010-05-21 18:24:59', '2010-05-21 18:24:59', '', '', NULL)[0m
  [4;36;1mTrain Create (0.2ms)[0m   [0;1mINSERT INTO "trains" ("serial", "created_at", "updated_at", "color", "status", "start_time") VALUES('T-31', '2010-05-21 18:24:59', '2010-05-21 18:24:59', '', '', NULL)[0m
  [4;35;1mTrain Create (0.2ms)[0m   [0mINSERT INTO "trains" ("serial", "created_at", "updated_at", "color", "status", "start_time") VALUES('T-32', '2010-05-21 18:24:59', '2010-05-21 18:24:59', '', '', NULL)[0m
  [4;36;1mTrain Create (0.2ms)[0m   [0;1mINSERT INTO "trains" ("serial", "created_at", "updated_at", "color", "status", "start_time") VALUES('T-33', '2010-05-21 18:24:59', '2010-05-21 18:24:59', '', '', NULL)[0m
  [4;35;1mTrain Create (0.2ms)[0m   [0mINSERT INTO "trains" ("serial", "created_at", "updated_at", "color", "status", "start_time") VALUES('T-34', '2010-05-21 18:24:59', '2010-05-21 18:24:59', '', '', NULL)[0m
  [4;36;1mTrain Create (0.2ms)[0m   [0;1mINSERT INTO "trains" ("serial", "created_at", "updated_at", "color", "status", "start_time") VALUES('T-35', '2010-05-21 18:24:59', '2010-05-21 18:24:59', '', '', NULL)[0m
  [4;35;1mTrain Create (0.2ms)[0m   [0mINSERT INTO "trains" ("serial", "created_at", "updated_at", "color", "status", "start_time") VALUES('T-36', '2010-05-21 18:24:59', '2010-05-21 18:24:59', '', '', NULL)[0m
  [4;36;1mTrain Create (0.2ms)[0m   [0;1mINSERT INTO "trains" ("serial", "created_at", "updated_at", "color", "status", "start_time") VALUES('T-37', '2010-05-21 18:24:59', '2010-05-21 18:24:59', '', '', NULL)[0m
  [4;35;1mTrain Create (0.2ms)[0m   [0mINSERT INTO "trains" ("serial", "created_at", "updated_at", "color", "status", "start_time") VALUES('T-38', '2010-05-21 18:24:59', '2010-05-21 18:24:59', '', '', NULL)[0m
  [4;36;1mTrain Create (0.2ms)[0m   [0;1mINSERT INTO "trains" ("serial", "created_at", "updated_at", "color", "status", "start_time") VALUES('T-39', '2010-05-21 18:24:59', '2010-05-21 18:24:59', '', '', NULL)[0m
  [4;35;1mTrain Create (0.2ms)[0m   [0mINSERT INTO "trains" ("serial", "created_at", "updated_at", "color", "status", "start_time") VALUES('T-40', '2010-05-21 18:24:59', '2010-05-21 18:24:59', '', '', NULL)[0m
  [4;36;1mTrain Create (0.2ms)[0m   [0;1mINSERT INTO "trains" ("serial", "created_at", "updated_at", "color", "status", "start_time") VALUES('T-41', '2010-05-21 18:24:59', '2010-05-21 18:24:59', '', '', NULL)[0m
  [4;35;1mTrain Create (0.2ms)[0m   [0mINSERT INTO "trains" ("serial", "created_at", "updated_at", "color", "status", "start_time") VALUES('T-42', '2010-05-21 18:24:59', '2010-05-21 18:24:59', '', '', NULL)[0m
  [4;36;1mTrain Create (0.2ms)[0m   [0;1mINSERT INTO "trains" ("serial", "created_at", "updated_at", "color", "status", "start_time") VALUES('T-43', '2010-05-21 18:24:59', '2010-05-21 18:24:59', '', '', NULL)[0m
  [4;35;1mTrain Create (0.2ms)[0m   [0mINSERT INTO "trains" ("serial", "created_at", "updated_at", "color", "status", "start_time") VALUES('T-44', '2010-05-21 18:24:59', '2010-05-21 18:24:59', '', '', NULL)[0m
  [4;36;1mTrain Create (0.2ms)[0m   [0;1mINSERT INTO "trains" ("serial", "created_at", "updated_at", "color", "status", "start_time") VALUES('T-45', '2010-05-21 18:24:59', '2010-05-21 18:24:59', '', '', NULL)[0m
  [4;35;1mTrain Create (0.3ms)[0m   [0mINSERT INTO "trains" ("serial", "created_at", "updated_at", "color", "status", "start_time") VALUES('T-46', '2010-05-21 18:24:59', '2010-05-21 18:24:59', '', '', NULL)[0m
  [4;36;1mTrain Create (0.2ms)[0m   [0;1mINSERT INTO "trains" ("serial", "created_at", "updated_at", "color", "status", "start_time") VALUES('T-47', '2010-05-21 18:24:59', '2010-05-21 18:24:59', '', '', NULL)[0m
  [4;35;1mTrain Create (0.2ms)[0m   [0mINSERT INTO "trains" ("serial", "created_at", "updated_at", "color", "status", "start_time") VALUES('T-48', '2010-05-21 18:24:59', '2010-05-21 18:24:59', '', '', NULL)[0m
  [4;36;1mTrain Create (0.2ms)[0m   [0;1mINSERT INTO "trains" ("serial", "created_at", "updated_at", "color", "status", "start_time") VALUES('T-49', '2010-05-21 18:24:59', '2010-05-21 18:24:59', '', '', NULL)[0m
  [4;35;1mTrain Create (0.2ms)[0m   [0mINSERT INTO "trains" ("serial", "created_at", "updated_at", "color", "status", "start_time") VALUES('T-50', '2010-05-21 18:24:59', '2010-05-21 18:24:59', '', '', NULL)[0m
  [4;36;1mTrain Create (0.2ms)[0m   [0;1mINSERT INTO "trains" ("serial", "created_at", "updated_at", "color", "status", "start_time") VALUES('T-51', '2010-05-21 18:24:59', '2010-05-21 18:24:59', '', '', NULL)[0m
  [4;35;1mTrain Create (0.2ms)[0m   [0mINSERT INTO "trains" ("serial", "created_at", "updated_at", "color", "status", "start_time") VALUES('T-52', '2010-05-21 18:24:59', '2010-05-21 18:24:59', '', '', NULL)[0m
  [4;36;1mTrain Create (0.2ms)[0m   [0;1mINSERT INTO "trains" ("serial", "created_at", "updated_at", "color", "status", "start_time") VALUES('T-53', '2010-05-21 18:24:59', '2010-05-21 18:24:59', '', '', NULL)[0m
  [4;35;1mTrain Create (0.2ms)[0m   [0mINSERT INTO "trains" ("serial", "created_at", "updated_at", "color", "status", "start_time") VALUES('T-54', '2010-05-21 18:24:59', '2010-05-21 18:24:59', '', '', NULL)[0m
  [4;36;1mTrain Create (0.2ms)[0m   [0;1mINSERT INTO "trains" ("serial", "created_at", "updated_at", "color", "status", "start_time") VALUES('T-55', '2010-05-21 18:24:59', '2010-05-21 18:24:59', '', '', NULL)[0m
  [4;35;1mTrain Create (0.2ms)[0m   [0mINSERT INTO "trains" ("serial", "created_at", "updated_at", "color", "status", "start_time") VALUES('T-56', '2010-05-21 18:24:59', '2010-05-21 18:24:59', '', '', NULL)[0m
  [4;36;1mTrain Create (0.2ms)[0m   [0;1mINSERT INTO "trains" ("serial", "created_at", "updated_at", "color", "status", "start_time") VALUES('T-57', '2010-05-21 18:24:59', '2010-05-21 18:24:59', '', '', NULL)[0m
  [4;35;1mTrain Create (0.2ms)[0m   [0mINSERT INTO "trains" ("serial", "created_at", "updated_at", "color", "status", "start_time") VALUES('T-58', '2010-05-21 18:24:59', '2010-05-21 18:24:59', '', '', NULL)[0m
  [4;36;1mTrain Create (0.2ms)[0m   [0;1mINSERT INTO "trains" ("serial", "created_at", "updated_at", "color", "status", "start_time") VALUES('T-59', '2010-05-21 18:24:59', '2010-05-21 18:24:59', '', '', NULL)[0m
  [4;35;1mTrain Create (0.2ms)[0m   [0mINSERT INTO "trains" ("serial", "created_at", "updated_at", "color", "status", "start_time") VALUES('T-60', '2010-05-21 18:24:59', '2010-05-21 18:24:59', '', '', NULL)[0m
  [4;36;1mTrain Create (0.2ms)[0m   [0;1mINSERT INTO "trains" ("serial", "created_at", "updated_at", "color", "status", "start_time") VALUES('T-61', '2010-05-21 18:24:59', '2010-05-21 18:24:59', '', '', NULL)[0m
  [4;35;1mTrain Create (0.2ms)[0m   [0mINSERT INTO "trains" ("serial", "created_at", "updated_at", "color", "status", "start_time") VALUES('T-62', '2010-05-21 18:24:59', '2010-05-21 18:24:59', '', '', NULL)[0m
  [4;36;1mTrain Create (0.2ms)[0m   [0;1mINSERT INTO "trains" ("serial", "created_at", "updated_at", "color", "status", "start_time") VALUES('T-63', '2010-05-21 18:24:59', '2010-05-21 18:24:59', '', '', NULL)[0m
  [4;35;1mTrain Create (0.2ms)[0m   [0mINSERT INTO "trains" ("serial", "created_at", "updated_at", "color", "status", "start_time") VALUES('T-64', '2010-05-21 18:24:59', '2010-05-21 18:24:59', '', '', NULL)[0m
  [4;36;1mTrain Create (0.2ms)[0m   [0;1mINSERT INTO "trains" ("serial", "created_at", "updated_at", "color", "status", "start_time") VALUES('T-65', '2010-05-21 18:24:59', '2010-05-21 18:24:59', '', '', NULL)[0m
  [4;35;1mTrain Create (0.2ms)[0m   [0mINSERT INTO "trains" ("serial", "created_at", "updated_at", "color", "status", "start_time") VALUES('T-66', '2010-05-21 18:24:59', '2010-05-21 18:24:59', '', '', NULL)[0m
  [4;36;1mTrain Create (0.2ms)[0m   [0;1mINSERT INTO "trains" ("serial", "created_at", "updated_at", "color", "status", "start_time") VALUES('T-67', '2010-05-21 18:24:59', '2010-05-21 18:24:59', '', '', NULL)[0m
  [4;35;1mTrain Create (0.2ms)[0m   [0mINSERT INTO "trains" ("serial", "created_at", "updated_at", "color", "status", "start_time") VALUES('T-68', '2010-05-21 18:24:59', '2010-05-21 18:24:59', '', '', NULL)[0m
  [4;36;1mTrain Create (0.2ms)[0m   [0;1mINSERT INTO "trains" ("serial", "created_at", "updated_at", "color", "status", "start_time") VALUES('T-69', '2010-05-21 18:24:59', '2010-05-21 18:24:59', '', '', NULL)[0m
  [4;35;1mTrain Create (0.2ms)[0m   [0mINSERT INTO "trains" ("serial", "created_at", "updated_at", "color", "status", "start_time") VALUES('T-70', '2010-05-21 18:24:59', '2010-05-21 18:24:59', '', '', NULL)[0m
  [4;36;1mTrain Create (0.2ms)[0m   [0;1mINSERT INTO "trains" ("serial", "created_at", "updated_at", "color", "status", "start_time") VALUES('T-71', '2010-05-21 18:24:59', '2010-05-21 18:24:59', '', '', NULL)[0m
  [4;35;1mTrain Create (0.2ms)[0m   [0mINSERT INTO "trains" ("serial", "created_at", "updated_at", "color", "status", "start_time") VALUES('T-72', '2010-05-21 18:24:59', '2010-05-21 18:24:59', '', '', NULL)[0m
  [4;36;1mTrain Create (0.2ms)[0m   [0;1mINSERT INTO "trains" ("serial", "created_at", "updated_at", "color", "status", "start_time") VALUES('T-73', '2010-05-21 18:24:59', '2010-05-21 18:24:59', '', '', NULL)[0m
  [4;35;1mTrain Create (0.3ms)[0m   [0mINSERT INTO "trains" ("serial", "created_at", "updated_at", "color", "status", "start_time") VALUES('T-74', '2010-05-21 18:24:59', '2010-05-21 18:24:59', '', '', NULL)[0m
  [4;36;1mTrain Create (0.2ms)[0m   [0;1mINSERT INTO "trains" ("serial", "created_at", "updated_at", "color", "status", "start_time") VALUES('T-75', '2010-05-21 18:24:59', '2010-05-21 18:24:59', '', '', NULL)[0m
  [4;35;1mTrain Create (0.2ms)[0m   [0mINSERT INTO "trains" ("serial", "created_at", "updated_at", "color", "status", "start_time") VALUES('T-76', '2010-05-21 18:24:59', '2010-05-21 18:24:59', '', '', NULL)[0m
  [4;36;1mTrain Create (0.2ms)[0m   [0;1mINSERT INTO "trains" ("serial", "created_at", "updated_at", "color", "status", "start_time") VALUES('T-77', '2010-05-21 18:24:59', '2010-05-21 18:24:59', '', '', NULL)[0m
  [4;35;1mTrain Create (0.3ms)[0m   [0mINSERT INTO "trains" ("serial", "created_at", "updated_at", "color", "status", "start_time") VALUES('T-78', '2010-05-21 18:24:59', '2010-05-21 18:24:59', '', '', NULL)[0m
  [4;36;1mTrain Create (0.2ms)[0m   [0;1mINSERT INTO "trains" ("serial", "created_at", "updated_at", "color", "status", "start_time") VALUES('T-79', '2010-05-21 18:24:59', '2010-05-21 18:24:59', '', '', NULL)[0m
  [4;35;1mTrain Create (0.2ms)[0m   [0mINSERT INTO "trains" ("serial", "created_at", "updated_at", "color", "status", "start_time") VALUES('T-80', '2010-05-21 18:24:59', '2010-05-21 18:24:59', '', '', NULL)[0m
  [4;36;1mTrain Create (0.2ms)[0m   [0;1mINSERT INTO "trains" ("serial", "created_at", "updated_at", "color", "status", "start_time") VALUES('T-81', '2010-05-21 18:24:59', '2010-05-21 18:24:59', '', '', NULL)[0m
  [4;35;1mTrain Create (0.2ms)[0m   [0mINSERT INTO "trains" ("serial", "created_at", "updated_at", "color", "status", "start_time") VALUES('T-82', '2010-05-21 18:24:59', '2010-05-21 18:24:59', '', '', NULL)[0m
  [4;36;1mTrain Create (0.2ms)[0m   [0;1mINSERT INTO "trains" ("serial", "created_at", "updated_at", "color", "status", "start_time") VALUES('T-83', '2010-05-21 18:24:59', '2010-05-21 18:24:59', '', '', NULL)[0m
  [4;36;1mSQL (0.5ms)[0m   [0;1mSELECT count(*) AS count_all FROM "stations" [0m
  [4;35;1mSQL (0.5ms)[0m   [0mSELECT count(*) AS count_all FROM "trains" [0m


Processing HomeController#index (for 127.0.0.1 at 2010-05-22 19:55:33) [GET]
Rendering template within layouts/application
Rendering home/index
Completed in 197ms (View: 196, DB: 0) | 200 OK [http://localhost/]
  [4;36;1mSQL (15.1ms)[0m   [0;1m SELECT name
 FROM sqlite_master
 WHERE type = 'table' AND NOT name = 'sqlite_sequence'
[0m
  [4;35;1mSQL (0.3ms)[0m   [0mSELECT version FROM schema_migrations[0m
Migrating to CreateStations (20100521152825)
Migrating to AddDistanceToStation (20100521171603)
Migrating to CreateTrains (20100521181944)
  [4;36;1mSQL (0.2ms)[0m   [0;1mselect sqlite_version(*)[0m
  [4;35;1mSQL (0.2ms)[0m   [0m SELECT name
 FROM sqlite_master
 WHERE type = 'table' AND NOT name = 'sqlite_sequence'
[0m
  [4;36;1mSQL (0.2ms)[0m   [0;1mSELECT version FROM schema_migrations[0m
  [4;35;1mSQL (0.2ms)[0m   [0m SELECT name
 FROM sqlite_master
 WHERE type = 'table' AND NOT name = 'sqlite_sequence'
[0m
  [4;36;1mSQL (0.1ms)[0m   [0;1mPRAGMA index_list("stations")[0m
  [4;35;1mSQL (0.1ms)[0m   [0mPRAGMA index_list("trains")[0m


Processing HomeController#index (for 127.0.0.1 at 2010-05-22 19:56:15) [GET]
Rendering template within layouts/application
Rendering home/index
Completed in 82ms (View: 81, DB: 0) | 200 OK [http://localhost/]


Processing HomeController#index (for 127.0.0.1 at 2010-05-22 19:56:17) [GET]
Rendering template within layouts/application
Rendering home/index
Completed in 6ms (View: 4, DB: 0) | 200 OK [http://localhost/]


Processing StationsController#index (for 127.0.0.1 at 2010-05-22 19:56:54) [GET]
  [4;36;1mStation Load (1.9ms)[0m   [0;1mSELECT * FROM "stations" WHERE (stations.color = 'green') ORDER BY external_id ASC[0m
  [4;35;1mStation Load (1.9ms)[0m   [0mSELECT * FROM "stations" WHERE (stations.color = 'red') ORDER BY external_id ASC[0m
  [4;36;1mStation Load (1.7ms)[0m   [0;1mSELECT * FROM "stations" WHERE (stations.color = 'blue') ORDER BY external_id ASC[0m
Rendering template within layouts/application
Rendering stations/index
Rendered stations/_sidebar (0.4ms)
Completed in 46ms (View: 19, DB: 5) | 200 OK [http://localhost/stations/]


Processing StationsController#new (for 127.0.0.1 at 2010-05-22 19:57:53) [GET]
Rendering template within layouts/application
Rendering stations/new
Rendered stations/_form (5.7ms)
Rendered stations/_sidebar (0.1ms)
Completed in 519ms (View: 518, DB: 0) | 200 OK [http://localhost/stations/new]


Processing StationsController#create (for 127.0.0.1 at 2010-05-22 19:58:28) [POST]
  Parameters: {"station"=>{"name"=>"1", "external_id"=>"1", "lng"=>"1", "color"=>"", "lat"=>"1", "connected_id"=>"1"}, "authenticity_token"=>"tuOgkkyWEgyyhN2k09ROC9XsWm2dBiZHV0QPS636n+g="}

ActionController::UnknownAction (No action responded to create. Actions: index):
  

Rendering rescues/layout (not_found)


Processing StationsController#new (for 127.0.0.1 at 2010-05-22 19:58:30) [GET]
Rendering template within layouts/application
Rendering stations/new
Rendered stations/_form (4.0ms)
Rendered stations/_sidebar (0.1ms)
Completed in 11ms (View: 10, DB: 0) | 200 OK [http://localhost/stations/new]


Processing StationsController#index (for 127.0.0.1 at 2010-05-22 19:58:31) [GET]
  [4;35;1mStation Load (1.7ms)[0m   [0mSELECT * FROM "stations" WHERE (stations.color = 'green') ORDER BY external_id ASC[0m
  [4;36;1mStation Load (1.9ms)[0m   [0;1mSELECT * FROM "stations" WHERE (stations.color = 'red') ORDER BY external_id ASC[0m
  [4;35;1mStation Load (1.3ms)[0m   [0mSELECT * FROM "stations" WHERE (stations.color = 'blue') ORDER BY external_id ASC[0m
Rendering template within layouts/application
Rendering stations/index
Rendered stations/_sidebar (0.1ms)
Completed in 32ms (View: 10, DB: 5) | 200 OK [http://localhost/stations/]


Processing ApplicationController#index (for 127.0.0.1 at 2010-05-22 19:59:38) [GET]

ActionController::RoutingError (No route matches "/trainsimulator/" with {:method=>:get}):
  

Rendering rescues/layout (not_found)


Processing TrainSimulatorController#index (for 127.0.0.1 at 2010-05-22 19:59:44) [GET]
  [4;36;1mTrain Load (5.6ms)[0m   [0;1mSELECT * FROM "trains" [0m
Rendering template within layouts/application
Rendering train_simulator/index
Completed in 43ms (View: 8, DB: 6) | 200 OK [http://localhost/train_simulator/]


Processing StationsController#index (for 127.0.0.1 at 2010-05-22 20:01:58) [GET]
  [4;35;1mStation Load (1.7ms)[0m   [0mSELECT * FROM "stations" WHERE (stations.color = 'green') ORDER BY external_id ASC[0m
  [4;36;1mStation Load (1.9ms)[0m   [0;1mSELECT * FROM "stations" WHERE (stations.color = 'red') ORDER BY external_id ASC[0m
  [4;35;1mStation Load (1.3ms)[0m   [0mSELECT * FROM "stations" WHERE (stations.color = 'blue') ORDER BY external_id ASC[0m
Rendering template within layouts/application
Rendering stations/index
Rendered stations/_sidebar (0.1ms)
Completed in 94ms (View: 72, DB: 5) | 200 OK [http://localhost/stations/]
